2021-05-25 20:00:16,736 [      0]   INFO - etbrains.jps.cmdline.BuildMain - ==================================================
2021-05-25 20:00:16,737 [      1]   INFO - etbrains.jps.cmdline.BuildMain - Build process started. Classpath: C:/Users/Genius/.gradle/caches/modules-2/files-2.1/com.jetbrains.intellij.idea/ideaIC/2020.3.4/b86eac6c6a0550d0f4deca1e3592f7d675034e11/ideaIC-2020.3.4/plugins/java/lib/jps-launcher.jar
2021-05-25 20:00:17,710 [    974]   INFO - etbrains.jps.cmdline.BuildMain - Connection to IDE established in 829 ms
2021-05-25 20:00:18,120 [   1384]   INFO - jps.cmdline.JpsModelLoaderImpl - Loading model: project path = C:/Users/Genius/IdeaProjects/test, global options path = C:/Users/Genius/IdeaProjects/devtools5/build/idea-sandbox/config/options
2021-05-25 20:00:18,579 [   1843]   INFO - jps.cmdline.JpsModelLoaderImpl - Model loaded in 458 ms
2021-05-25 20:00:18,579 [   1843]   INFO - jps.cmdline.JpsModelLoaderImpl - Project has 1 modules, 0 libraries
2021-05-25 20:00:19,036 [   2300]   INFO - m.intellij.util.io.StorageLock - lower=100; upper=500; buffer=10; max=680
2021-05-25 20:00:19,043 [   2307]  ERROR - tellij.util.io.FileChannelUtil - symbolic reference class is not accessible: class sun.nio.ch.FileChannelImpl, from class com.intellij.util.io.FileChannelUtil (unnamed module @55ca8de8)
java.lang.IllegalAccessException: symbolic reference class is not accessible: class sun.nio.ch.FileChannelImpl, from class com.intellij.util.io.FileChannelUtil (unnamed module @55ca8de8)
	at java.base/java.lang.invoke.MemberName.makeAccessException(MemberName.java:957)
	at java.base/java.lang.invoke.MethodHandles$Lookup.checkSymbolicClass(MethodHandles.java:3675)
	at java.base/java.lang.invoke.MethodHandles$Lookup.resolveOrFail(MethodHandles.java:3647)
	at java.base/java.lang.invoke.MethodHandles$Lookup.findVirtual(MethodHandles.java:2687)
	at com.intellij.util.io.FileChannelUtil.setupUnInterruptibleHandle(FileChannelUtil.java:36)
	at com.intellij.util.io.FileChannelUtil.<clinit>(FileChannelUtil.java:18)
	at com.intellij.util.io.ReadWriteDirectBufferWrapper$FileContext$1.execute(ReadWriteDirectBufferWrapper.java:60)
	at com.intellij.util.io.ReadWriteDirectBufferWrapper$FileContext$1.execute(ReadWriteDirectBufferWrapper.java:50)
	at com.intellij.openapi.util.io.FileUtilRt.doIOOperation(FileUtilRt.java:991)
	at com.intellij.util.io.ReadWriteDirectBufferWrapper$FileContext.<init>(ReadWriteDirectBufferWrapper.java:50)
	at com.intellij.util.io.ReadWriteDirectBufferWrapper.create(ReadWriteDirectBufferWrapper.java:35)
	at com.intellij.util.io.DirectBufferWrapper.doCreate(DirectBufferWrapper.java:65)
	at com.intellij.util.io.DirectBufferWrapper.getBuffer(DirectBufferWrapper.java:37)
	at com.intellij.util.io.ReadWriteDirectBufferWrapper.getBuffer(ReadWriteDirectBufferWrapper.java:22)
	at com.intellij.util.io.StorageLock.createValue(StorageLock.java:229)
	at com.intellij.util.io.StorageLock.get(StorageLock.java:154)
	at com.intellij.util.io.PagedFileStorage.getBufferWrapper(PagedFileStorage.java:324)
	at com.intellij.util.io.PagedFileStorage.getBuffer(PagedFileStorage.java:303)
	at com.intellij.util.io.PagedFileStorage.put(PagedFileStorage.java:206)
	at com.intellij.util.io.PagedFileStorage.fillWithZeros(PagedFileStorage.java:279)
	at com.intellij.util.io.PagedFileStorage.resize(PagedFileStorage.java:253)
	at com.intellij.util.io.ResizeableMappedFile.expand(ResizeableMappedFile.java:105)
	at com.intellij.util.io.ResizeableMappedFile.ensureSize(ResizeableMappedFile.java:74)
	at com.intellij.util.io.ResizeableMappedFile.putInt(ResizeableMappedFile.java:207)
	at com.intellij.util.io.PersistentEnumeratorBase.markDirty(PersistentEnumeratorBase.java:619)
	at com.intellij.util.io.PersistentEnumeratorBase.<init>(PersistentEnumeratorBase.java:192)
	at com.intellij.util.io.PersistentBTreeEnumerator.<init>(PersistentBTreeEnumerator.java:73)
	at com.intellij.util.io.PersistentEnumeratorDelegate.createDefaultEnumerator(PersistentEnumeratorDelegate.java:69)
	at com.intellij.util.io.PersistentHashMap.<init>(PersistentHashMap.java:164)
	at com.intellij.util.io.PersistentHashMap.<init>(PersistentHashMap.java:149)
	at com.intellij.util.io.PersistentHashMap.<init>(PersistentHashMap.java:140)
	at com.intellij.util.io.PersistentHashMap.<init>(PersistentHashMap.java:132)
	at com.intellij.util.io.PersistentHashMap.<init>(PersistentHashMap.java:119)
	at org.jetbrains.jps.incremental.storage.AbstractStateStorage.createMap(AbstractStateStorage.java:119)
	at org.jetbrains.jps.incremental.storage.AbstractStateStorage.<init>(AbstractStateStorage.java:27)
	at org.jetbrains.jps.incremental.storage.FileTimestampStorage.<init>(FileTimestampStorage.java:27)
	at org.jetbrains.jps.incremental.storage.ProjectStamps.<init>(ProjectStamps.java:41)
	at org.jetbrains.jps.cmdline.BuildRunner.load(BuildRunner.java:78)
	at org.jetbrains.jps.cmdline.BuildSession.runBuild(BuildSession.java:279)
	at org.jetbrains.jps.cmdline.BuildSession.run(BuildSession.java:132)
	at org.jetbrains.jps.cmdline.BuildMain$MyMessageHandler.lambda$channelRead0$0(BuildMain.java:219)
	at java.base/java.util.concurrent.ThreadPoolExecutor.runWorker(ThreadPoolExecutor.java:1130)
	at java.base/java.util.concurrent.ThreadPoolExecutor$Worker.run(ThreadPoolExecutor.java:630)
	at java.base/java.lang.Thread.run(Thread.java:831)
2021-05-25 20:00:19,045 [   2309]   INFO - tellij.util.io.FileChannelUtil - interruptible FileChannels will be used for indexes
2021-05-25 20:00:19,298 [   2562]   INFO - .incremental.IncProjectBuilder - Building project; isRebuild:true; isMake:false parallel compilation:false
2021-05-25 20:00:19,345 [   2609]   INFO - kotlin.jps.build.KotlinBuilder - is Kotlin incremental compilation enabled for JVM: true
2021-05-25 20:00:19,345 [   2609]   INFO - kotlin.jps.build.KotlinBuilder - is Kotlin incremental compilation enabled for JS: true
2021-05-25 20:00:19,357 [   2621]   INFO - kotlin.jps.build.KotlinBuilder - is Kotlin compiler daemon enabled: true
2021-05-25 20:00:19,357 [   2621]   INFO - kotlin.jps.build.KotlinBuilder - Label in local history: build started 91e61c5f
2021-05-25 20:00:19,387 [   2651]   INFO - s.index.CompilerReferenceIndex - backward reference index version doesn't exist
2021-05-25 20:00:19,552 [   2816]   INFO - .incremental.IncProjectBuilder - Cleaned output directories in 66 ms
2021-05-25 20:00:20,831 [   4095]   INFO - kotlin.jps.build.KotlinBuilder - KotlinTargetsIndex created in 1039 ms
2021-05-25 20:00:20,887 [   4151]   INFO - kotlin.jps.build.KotlinBuilder - Total Kotlin global compile context initialization time: 1097 ms
2021-05-25 20:00:20,921 [   4185]   INFO - s.incremental.java.JavaBuilder - Compiling 1 java files; module: test
2021-05-25 20:00:22,588 [   5852]   INFO - rains.jps.cmdline.BuildSession - Build duration: Builder 'Java' took 1 s 377 ms; 1 sources processed (1377 ms per file)
2021-05-25 20:00:22,589 [   5853]   INFO - s.incremental.java.JavaBuilder - javac 16 was used to compile [test]
2021-05-25 20:00:23,864 [      0]   INFO - etbrains.jps.cmdline.BuildMain - ==================================================
2021-05-25 20:00:23,864 [      0]   INFO - etbrains.jps.cmdline.BuildMain - Build process started. Classpath: C:/Users/Genius/.gradle/caches/modules-2/files-2.1/com.jetbrains.intellij.idea/ideaIC/2020.3.4/b86eac6c6a0550d0f4deca1e3592f7d675034e11/ideaIC-2020.3.4/plugins/java/lib/jps-launcher.jar
2021-05-25 20:00:24,202 [    338]   INFO - etbrains.jps.cmdline.BuildMain - Connection to IDE established in 274 ms
2021-05-25 20:00:24,257 [    393]   INFO - penapi.util.io.win32.IdeaWin32 - Native filesystem for Windows is operational
2021-05-25 20:00:24,278 [    414]   INFO - jps.cmdline.JpsModelLoaderImpl - Loading model: project path = C:/Users/Genius/IdeaProjects/test, global options path = C:/Users/Genius/IdeaProjects/devtools5/build/idea-sandbox/config/options
2021-05-25 20:00:24,484 [    620]   INFO - jps.cmdline.JpsModelLoaderImpl - Model loaded in 205 ms
2021-05-25 20:00:24,484 [    620]   INFO - jps.cmdline.JpsModelLoaderImpl - Project has 1 modules, 0 libraries
2021-05-25 20:00:24,600 [    736]   INFO - m.intellij.util.io.StorageLock - lower=100; upper=500; buffer=10; max=680
2021-05-25 20:00:24,609 [    745]  ERROR - tellij.util.io.FileChannelUtil - symbolic reference class is not accessible: class sun.nio.ch.FileChannelImpl, from class com.intellij.util.io.FileChannelUtil (unnamed module @40e6dfe1)
java.lang.IllegalAccessException: symbolic reference class is not accessible: class sun.nio.ch.FileChannelImpl, from class com.intellij.util.io.FileChannelUtil (unnamed module @40e6dfe1)
	at java.base/java.lang.invoke.MemberName.makeAccessException(MemberName.java:957)
	at java.base/java.lang.invoke.MethodHandles$Lookup.checkSymbolicClass(MethodHandles.java:3675)
	at java.base/java.lang.invoke.MethodHandles$Lookup.resolveOrFail(MethodHandles.java:3647)
	at java.base/java.lang.invoke.MethodHandles$Lookup.findVirtual(MethodHandles.java:2687)
	at com.intellij.util.io.FileChannelUtil.setupUnInterruptibleHandle(FileChannelUtil.java:36)
	at com.intellij.util.io.FileChannelUtil.<clinit>(FileChannelUtil.java:18)
	at com.intellij.util.io.ReadWriteDirectBufferWrapper$FileContext$1.execute(ReadWriteDirectBufferWrapper.java:60)
	at com.intellij.util.io.ReadWriteDirectBufferWrapper$FileContext$1.execute(ReadWriteDirectBufferWrapper.java:50)
	at com.intellij.openapi.util.io.FileUtilRt.doIOOperation(FileUtilRt.java:991)
	at com.intellij.util.io.ReadWriteDirectBufferWrapper$FileContext.<init>(ReadWriteDirectBufferWrapper.java:50)
	at com.intellij.util.io.ReadWriteDirectBufferWrapper.create(ReadWriteDirectBufferWrapper.java:35)
	at com.intellij.util.io.DirectBufferWrapper.doCreate(DirectBufferWrapper.java:65)
	at com.intellij.util.io.DirectBufferWrapper.getBuffer(DirectBufferWrapper.java:37)
	at com.intellij.util.io.ReadWriteDirectBufferWrapper.getBuffer(ReadWriteDirectBufferWrapper.java:22)
	at com.intellij.util.io.StorageLock.createValue(StorageLock.java:229)
	at com.intellij.util.io.StorageLock.get(StorageLock.java:154)
	at com.intellij.util.io.PagedFileStorage.getBufferWrapper(PagedFileStorage.java:324)
	at com.intellij.util.io.PagedFileStorage.getReadOnlyBuffer(PagedFileStorage.java:307)
	at com.intellij.util.io.PagedFileStorage.getInt(PagedFileStorage.java:110)
	at com.intellij.util.io.ResizeableMappedFile.getInt(ResizeableMappedFile.java:203)
	at com.intellij.util.io.PersistentEnumeratorBase.<init>(PersistentEnumeratorBase.java:219)
	at com.intellij.util.io.PersistentBTreeEnumerator.<init>(PersistentBTreeEnumerator.java:73)
	at com.intellij.util.io.PersistentEnumeratorDelegate.createDefaultEnumerator(PersistentEnumeratorDelegate.java:69)
	at com.intellij.util.io.PersistentHashMap.<init>(PersistentHashMap.java:164)
	at com.intellij.util.io.PersistentHashMap.<init>(PersistentHashMap.java:149)
	at com.intellij.util.io.PersistentHashMap.<init>(PersistentHashMap.java:140)
	at com.intellij.util.io.PersistentHashMap.<init>(PersistentHashMap.java:132)
	at com.intellij.util.io.PersistentHashMap.<init>(PersistentHashMap.java:119)
	at org.jetbrains.jps.incremental.storage.AbstractStateStorage.createMap(AbstractStateStorage.java:119)
	at org.jetbrains.jps.incremental.storage.AbstractStateStorage.<init>(AbstractStateStorage.java:27)
	at org.jetbrains.jps.incremental.storage.FileTimestampStorage.<init>(FileTimestampStorage.java:27)
	at org.jetbrains.jps.incremental.storage.ProjectStamps.<init>(ProjectStamps.java:41)
	at org.jetbrains.jps.cmdline.BuildRunner.load(BuildRunner.java:78)
	at org.jetbrains.jps.cmdline.BuildMain.main(BuildMain.java:125)
	at java.base/jdk.internal.reflect.NativeMethodAccessorImpl.invoke0(Native Method)
	at java.base/jdk.internal.reflect.NativeMethodAccessorImpl.invoke(NativeMethodAccessorImpl.java:78)
	at java.base/jdk.internal.reflect.DelegatingMethodAccessorImpl.invoke(DelegatingMethodAccessorImpl.java:43)
	at java.base/java.lang.reflect.Method.invoke(Method.java:567)
	at org.jetbrains.jps.cmdline.Launcher.main(Launcher.java:43)
2021-05-25 20:00:24,613 [    749]   INFO - tellij.util.io.FileChannelUtil - interruptible FileChannels will be used for indexes
2021-05-25 20:00:24,943 [   1079]   INFO - etbrains.jps.cmdline.BuildMain - Pre-loaded process ready in 1089 ms
2021-05-25 20:00:25,012 [   1148]   INFO - etbrains.jps.cmdline.BuildMain - Build canceled, but no build session is running. Exiting.
2021-05-25 20:04:42,986 [      0]   INFO - etbrains.jps.cmdline.BuildMain - ==================================================
2021-05-25 20:04:42,987 [      1]   INFO - etbrains.jps.cmdline.BuildMain - Build process started. Classpath: C:/Users/Genius/.gradle/caches/modules-2/files-2.1/com.jetbrains.intellij.idea/ideaIC/2020.3.4/b86eac6c6a0550d0f4deca1e3592f7d675034e11/ideaIC-2020.3.4/plugins/java/lib/jps-launcher.jar
2021-05-25 20:04:43,464 [    478]   INFO - etbrains.jps.cmdline.BuildMain - Connection to IDE established in 371 ms
2021-05-25 20:04:43,818 [    832]   INFO - jps.cmdline.JpsModelLoaderImpl - Loading model: project path = C:/Users/Genius/IdeaProjects/test, global options path = C:/Users/Genius/IdeaProjects/devtools5/build/idea-sandbox/config/options
2021-05-25 20:04:44,744 [   1758]   INFO - jps.cmdline.JpsModelLoaderImpl - Model loaded in 924 ms
2021-05-25 20:04:44,744 [   1758]   INFO - jps.cmdline.JpsModelLoaderImpl - Project has 1 modules, 0 libraries
2021-05-25 20:04:45,257 [   2271]   INFO - m.intellij.util.io.StorageLock - lower=100; upper=500; buffer=10; max=680
2021-05-25 20:04:45,284 [   2298]  ERROR - tellij.util.io.FileChannelUtil - symbolic reference class is not accessible: class sun.nio.ch.FileChannelImpl, from class com.intellij.util.io.FileChannelUtil (unnamed module @40e6dfe1)
java.lang.IllegalAccessException: symbolic reference class is not accessible: class sun.nio.ch.FileChannelImpl, from class com.intellij.util.io.FileChannelUtil (unnamed module @40e6dfe1)
	at java.base/java.lang.invoke.MemberName.makeAccessException(MemberName.java:957)
	at java.base/java.lang.invoke.MethodHandles$Lookup.checkSymbolicClass(MethodHandles.java:3675)
	at java.base/java.lang.invoke.MethodHandles$Lookup.resolveOrFail(MethodHandles.java:3647)
	at java.base/java.lang.invoke.MethodHandles$Lookup.findVirtual(MethodHandles.java:2687)
	at com.intellij.util.io.FileChannelUtil.setupUnInterruptibleHandle(FileChannelUtil.java:36)
	at com.intellij.util.io.FileChannelUtil.<clinit>(FileChannelUtil.java:18)
	at com.intellij.util.io.ReadWriteDirectBufferWrapper$FileContext$1.execute(ReadWriteDirectBufferWrapper.java:60)
	at com.intellij.util.io.ReadWriteDirectBufferWrapper$FileContext$1.execute(ReadWriteDirectBufferWrapper.java:50)
	at com.intellij.openapi.util.io.FileUtilRt.doIOOperation(FileUtilRt.java:991)
	at com.intellij.util.io.ReadWriteDirectBufferWrapper$FileContext.<init>(ReadWriteDirectBufferWrapper.java:50)
	at com.intellij.util.io.ReadWriteDirectBufferWrapper.create(ReadWriteDirectBufferWrapper.java:35)
	at com.intellij.util.io.DirectBufferWrapper.doCreate(DirectBufferWrapper.java:65)
	at com.intellij.util.io.DirectBufferWrapper.getBuffer(DirectBufferWrapper.java:37)
	at com.intellij.util.io.ReadWriteDirectBufferWrapper.getBuffer(ReadWriteDirectBufferWrapper.java:22)
	at com.intellij.util.io.StorageLock.createValue(StorageLock.java:229)
	at com.intellij.util.io.StorageLock.get(StorageLock.java:154)
	at com.intellij.util.io.PagedFileStorage.getBufferWrapper(PagedFileStorage.java:324)
	at com.intellij.util.io.PagedFileStorage.getReadOnlyBuffer(PagedFileStorage.java:307)
	at com.intellij.util.io.PagedFileStorage.getInt(PagedFileStorage.java:110)
	at com.intellij.util.io.ResizeableMappedFile.getInt(ResizeableMappedFile.java:203)
	at com.intellij.util.io.PersistentEnumeratorBase.<init>(PersistentEnumeratorBase.java:219)
	at com.intellij.util.io.PersistentBTreeEnumerator.<init>(PersistentBTreeEnumerator.java:73)
	at com.intellij.util.io.PersistentEnumeratorDelegate.createDefaultEnumerator(PersistentEnumeratorDelegate.java:69)
	at com.intellij.util.io.PersistentHashMap.<init>(PersistentHashMap.java:164)
	at com.intellij.util.io.PersistentHashMap.<init>(PersistentHashMap.java:149)
	at com.intellij.util.io.PersistentHashMap.<init>(PersistentHashMap.java:140)
	at com.intellij.util.io.PersistentHashMap.<init>(PersistentHashMap.java:132)
	at com.intellij.util.io.PersistentHashMap.<init>(PersistentHashMap.java:119)
	at org.jetbrains.jps.incremental.storage.AbstractStateStorage.createMap(AbstractStateStorage.java:119)
	at org.jetbrains.jps.incremental.storage.AbstractStateStorage.<init>(AbstractStateStorage.java:27)
	at org.jetbrains.jps.incremental.storage.FileTimestampStorage.<init>(FileTimestampStorage.java:27)
	at org.jetbrains.jps.incremental.storage.ProjectStamps.<init>(ProjectStamps.java:41)
	at org.jetbrains.jps.cmdline.BuildRunner.load(BuildRunner.java:78)
	at org.jetbrains.jps.cmdline.BuildSession.runBuild(BuildSession.java:279)
	at org.jetbrains.jps.cmdline.BuildSession.run(BuildSession.java:132)
	at org.jetbrains.jps.cmdline.BuildMain$MyMessageHandler.lambda$channelRead0$0(BuildMain.java:219)
	at java.base/java.util.concurrent.ThreadPoolExecutor.runWorker(ThreadPoolExecutor.java:1130)
	at java.base/java.util.concurrent.ThreadPoolExecutor$Worker.run(ThreadPoolExecutor.java:630)
	at java.base/java.lang.Thread.run(Thread.java:831)
2021-05-25 20:04:45,287 [   2301]   INFO - tellij.util.io.FileChannelUtil - interruptible FileChannels will be used for indexes
2021-05-25 20:04:46,851 [      0]   INFO - etbrains.jps.cmdline.BuildMain - ==================================================
2021-05-25 20:04:46,852 [      1]   INFO - etbrains.jps.cmdline.BuildMain - Build process started. Classpath: C:/Users/Genius/.gradle/caches/modules-2/files-2.1/com.jetbrains.intellij.idea/ideaIC/2020.3.4/b86eac6c6a0550d0f4deca1e3592f7d675034e11/ideaIC-2020.3.4/plugins/java/lib/jps-launcher.jar
2021-05-25 20:04:47,333 [    482]   INFO - etbrains.jps.cmdline.BuildMain - Connection to IDE established in 415 ms
2021-05-25 20:04:47,756 [    905]   INFO - penapi.util.io.win32.IdeaWin32 - Native filesystem for Windows is operational
2021-05-25 20:04:47,796 [    945]   INFO - jps.cmdline.JpsModelLoaderImpl - Loading model: project path = C:/Users/Genius/IdeaProjects/test, global options path = C:/Users/Genius/IdeaProjects/devtools5/build/idea-sandbox/config/options
2021-05-25 20:04:48,157 [   1306]   INFO - jps.cmdline.JpsModelLoaderImpl - Model loaded in 360 ms
2021-05-25 20:04:48,157 [   1306]   INFO - jps.cmdline.JpsModelLoaderImpl - Project has 1 modules, 0 libraries
2021-05-25 20:04:48,258 [   1407]   INFO - m.intellij.util.io.StorageLock - lower=100; upper=500; buffer=10; max=680
2021-05-25 20:04:48,266 [   1415]  ERROR - tellij.util.io.FileChannelUtil - symbolic reference class is not accessible: class sun.nio.ch.FileChannelImpl, from class com.intellij.util.io.FileChannelUtil (unnamed module @40e6dfe1)
java.lang.IllegalAccessException: symbolic reference class is not accessible: class sun.nio.ch.FileChannelImpl, from class com.intellij.util.io.FileChannelUtil (unnamed module @40e6dfe1)
	at java.base/java.lang.invoke.MemberName.makeAccessException(MemberName.java:957)
	at java.base/java.lang.invoke.MethodHandles$Lookup.checkSymbolicClass(MethodHandles.java:3675)
	at java.base/java.lang.invoke.MethodHandles$Lookup.resolveOrFail(MethodHandles.java:3647)
	at java.base/java.lang.invoke.MethodHandles$Lookup.findVirtual(MethodHandles.java:2687)
	at com.intellij.util.io.FileChannelUtil.setupUnInterruptibleHandle(FileChannelUtil.java:36)
	at com.intellij.util.io.FileChannelUtil.<clinit>(FileChannelUtil.java:18)
	at com.intellij.util.io.ReadWriteDirectBufferWrapper$FileContext$1.execute(ReadWriteDirectBufferWrapper.java:60)
	at com.intellij.util.io.ReadWriteDirectBufferWrapper$FileContext$1.execute(ReadWriteDirectBufferWrapper.java:50)
	at com.intellij.openapi.util.io.FileUtilRt.doIOOperation(FileUtilRt.java:991)
	at com.intellij.util.io.ReadWriteDirectBufferWrapper$FileContext.<init>(ReadWriteDirectBufferWrapper.java:50)
	at com.intellij.util.io.ReadWriteDirectBufferWrapper.create(ReadWriteDirectBufferWrapper.java:35)
	at com.intellij.util.io.DirectBufferWrapper.doCreate(DirectBufferWrapper.java:65)
	at com.intellij.util.io.DirectBufferWrapper.getBuffer(DirectBufferWrapper.java:37)
	at com.intellij.util.io.ReadWriteDirectBufferWrapper.getBuffer(ReadWriteDirectBufferWrapper.java:22)
	at com.intellij.util.io.StorageLock.createValue(StorageLock.java:229)
	at com.intellij.util.io.StorageLock.get(StorageLock.java:154)
	at com.intellij.util.io.PagedFileStorage.getBufferWrapper(PagedFileStorage.java:324)
	at com.intellij.util.io.PagedFileStorage.getReadOnlyBuffer(PagedFileStorage.java:307)
	at com.intellij.util.io.PagedFileStorage.getInt(PagedFileStorage.java:110)
	at com.intellij.util.io.ResizeableMappedFile.getInt(ResizeableMappedFile.java:203)
	at com.intellij.util.io.PersistentEnumeratorBase.<init>(PersistentEnumeratorBase.java:219)
	at com.intellij.util.io.PersistentBTreeEnumerator.<init>(PersistentBTreeEnumerator.java:73)
	at com.intellij.util.io.PersistentEnumeratorDelegate.createDefaultEnumerator(PersistentEnumeratorDelegate.java:69)
	at com.intellij.util.io.PersistentHashMap.<init>(PersistentHashMap.java:164)
	at com.intellij.util.io.PersistentHashMap.<init>(PersistentHashMap.java:149)
	at com.intellij.util.io.PersistentHashMap.<init>(PersistentHashMap.java:140)
	at com.intellij.util.io.PersistentHashMap.<init>(PersistentHashMap.java:132)
	at com.intellij.util.io.PersistentHashMap.<init>(PersistentHashMap.java:119)
	at org.jetbrains.jps.incremental.storage.AbstractStateStorage.createMap(AbstractStateStorage.java:119)
	at org.jetbrains.jps.incremental.storage.AbstractStateStorage.<init>(AbstractStateStorage.java:27)
	at org.jetbrains.jps.incremental.storage.FileTimestampStorage.<init>(FileTimestampStorage.java:27)
	at org.jetbrains.jps.incremental.storage.ProjectStamps.<init>(ProjectStamps.java:41)
	at org.jetbrains.jps.cmdline.BuildRunner.load(BuildRunner.java:78)
	at org.jetbrains.jps.cmdline.BuildMain.main(BuildMain.java:125)
	at java.base/jdk.internal.reflect.NativeMethodAccessorImpl.invoke0(Native Method)
	at java.base/jdk.internal.reflect.NativeMethodAccessorImpl.invoke(NativeMethodAccessorImpl.java:78)
	at java.base/jdk.internal.reflect.DelegatingMethodAccessorImpl.invoke(DelegatingMethodAccessorImpl.java:43)
	at java.base/java.lang.reflect.Method.invoke(Method.java:567)
	at org.jetbrains.jps.cmdline.Launcher.main(Launcher.java:43)
2021-05-25 20:04:48,270 [   1419]   INFO - tellij.util.io.FileChannelUtil - interruptible FileChannels will be used for indexes
2021-05-25 20:04:48,433 [   1582]   INFO - etbrains.jps.cmdline.BuildMain - Pre-loaded process ready in 1596 ms
2021-05-25 20:06:11,337 [  84486]   INFO - etbrains.jps.cmdline.BuildMain - Build canceled, but no build session is running. Exiting.
2021-05-25 20:12:07,995 [      0]   INFO - etbrains.jps.cmdline.BuildMain - ==================================================
2021-05-25 20:12:07,995 [      0]   INFO - etbrains.jps.cmdline.BuildMain - Build process started. Classpath: C:/Users/Genius/.gradle/caches/modules-2/files-2.1/com.jetbrains.intellij.idea/ideaIC/2020.3.4/b86eac6c6a0550d0f4deca1e3592f7d675034e11/ideaIC-2020.3.4/plugins/java/lib/jps-launcher.jar
2021-05-25 20:12:08,752 [    757]   INFO - etbrains.jps.cmdline.BuildMain - Connection to IDE established in 519 ms
2021-05-25 20:12:09,033 [   1038]   INFO - jps.cmdline.JpsModelLoaderImpl - Loading model: project path = C:/Users/Genius/IdeaProjects/test, global options path = C:/Users/Genius/IdeaProjects/devtools5/build/idea-sandbox/config/options
2021-05-25 20:12:09,631 [   1636]   INFO - jps.cmdline.JpsModelLoaderImpl - Model loaded in 598 ms
2021-05-25 20:12:09,631 [   1636]   INFO - jps.cmdline.JpsModelLoaderImpl - Project has 1 modules, 0 libraries
2021-05-25 20:12:09,770 [   1775]   INFO - m.intellij.util.io.StorageLock - lower=100; upper=500; buffer=10; max=680
2021-05-25 20:12:09,779 [   1784]  ERROR - tellij.util.io.FileChannelUtil - symbolic reference class is not accessible: class sun.nio.ch.FileChannelImpl, from class com.intellij.util.io.FileChannelUtil (unnamed module @40e6dfe1)
java.lang.IllegalAccessException: symbolic reference class is not accessible: class sun.nio.ch.FileChannelImpl, from class com.intellij.util.io.FileChannelUtil (unnamed module @40e6dfe1)
	at java.base/java.lang.invoke.MemberName.makeAccessException(MemberName.java:957)
	at java.base/java.lang.invoke.MethodHandles$Lookup.checkSymbolicClass(MethodHandles.java:3675)
	at java.base/java.lang.invoke.MethodHandles$Lookup.resolveOrFail(MethodHandles.java:3647)
	at java.base/java.lang.invoke.MethodHandles$Lookup.findVirtual(MethodHandles.java:2687)
	at com.intellij.util.io.FileChannelUtil.setupUnInterruptibleHandle(FileChannelUtil.java:36)
	at com.intellij.util.io.FileChannelUtil.<clinit>(FileChannelUtil.java:18)
	at com.intellij.util.io.ReadWriteDirectBufferWrapper$FileContext$1.execute(ReadWriteDirectBufferWrapper.java:60)
	at com.intellij.util.io.ReadWriteDirectBufferWrapper$FileContext$1.execute(ReadWriteDirectBufferWrapper.java:50)
	at com.intellij.openapi.util.io.FileUtilRt.doIOOperation(FileUtilRt.java:991)
	at com.intellij.util.io.ReadWriteDirectBufferWrapper$FileContext.<init>(ReadWriteDirectBufferWrapper.java:50)
	at com.intellij.util.io.ReadWriteDirectBufferWrapper.create(ReadWriteDirectBufferWrapper.java:35)
	at com.intellij.util.io.DirectBufferWrapper.doCreate(DirectBufferWrapper.java:65)
	at com.intellij.util.io.DirectBufferWrapper.getBuffer(DirectBufferWrapper.java:37)
	at com.intellij.util.io.ReadWriteDirectBufferWrapper.getBuffer(ReadWriteDirectBufferWrapper.java:22)
	at com.intellij.util.io.StorageLock.createValue(StorageLock.java:229)
	at com.intellij.util.io.StorageLock.get(StorageLock.java:154)
	at com.intellij.util.io.PagedFileStorage.getBufferWrapper(PagedFileStorage.java:324)
	at com.intellij.util.io.PagedFileStorage.getReadOnlyBuffer(PagedFileStorage.java:307)
	at com.intellij.util.io.PagedFileStorage.getInt(PagedFileStorage.java:110)
	at com.intellij.util.io.ResizeableMappedFile.getInt(ResizeableMappedFile.java:203)
	at com.intellij.util.io.PersistentEnumeratorBase.<init>(PersistentEnumeratorBase.java:219)
	at com.intellij.util.io.PersistentBTreeEnumerator.<init>(PersistentBTreeEnumerator.java:73)
	at com.intellij.util.io.PersistentEnumeratorDelegate.createDefaultEnumerator(PersistentEnumeratorDelegate.java:69)
	at com.intellij.util.io.PersistentHashMap.<init>(PersistentHashMap.java:164)
	at com.intellij.util.io.PersistentHashMap.<init>(PersistentHashMap.java:149)
	at com.intellij.util.io.PersistentHashMap.<init>(PersistentHashMap.java:140)
	at com.intellij.util.io.PersistentHashMap.<init>(PersistentHashMap.java:132)
	at com.intellij.util.io.PersistentHashMap.<init>(PersistentHashMap.java:119)
	at org.jetbrains.jps.incremental.storage.AbstractStateStorage.createMap(AbstractStateStorage.java:119)
	at org.jetbrains.jps.incremental.storage.AbstractStateStorage.<init>(AbstractStateStorage.java:27)
	at org.jetbrains.jps.incremental.storage.FileTimestampStorage.<init>(FileTimestampStorage.java:27)
	at org.jetbrains.jps.incremental.storage.ProjectStamps.<init>(ProjectStamps.java:41)
	at org.jetbrains.jps.cmdline.BuildRunner.load(BuildRunner.java:78)
	at org.jetbrains.jps.cmdline.BuildSession.runBuild(BuildSession.java:279)
	at org.jetbrains.jps.cmdline.BuildSession.run(BuildSession.java:132)
	at org.jetbrains.jps.cmdline.BuildMain$MyMessageHandler.lambda$channelRead0$0(BuildMain.java:219)
	at java.base/java.util.concurrent.ThreadPoolExecutor.runWorker(ThreadPoolExecutor.java:1130)
	at java.base/java.util.concurrent.ThreadPoolExecutor$Worker.run(ThreadPoolExecutor.java:630)
	at java.base/java.lang.Thread.run(Thread.java:831)
2021-05-25 20:12:09,783 [   1788]   INFO - tellij.util.io.FileChannelUtil - interruptible FileChannels will be used for indexes
2021-05-25 20:12:11,677 [      0]   INFO - etbrains.jps.cmdline.BuildMain - ==================================================
2021-05-25 20:12:11,677 [      0]   INFO - etbrains.jps.cmdline.BuildMain - Build process started. Classpath: C:/Users/Genius/.gradle/caches/modules-2/files-2.1/com.jetbrains.intellij.idea/ideaIC/2020.3.4/b86eac6c6a0550d0f4deca1e3592f7d675034e11/ideaIC-2020.3.4/plugins/java/lib/jps-launcher.jar
2021-05-25 20:12:12,713 [   1036]   INFO - etbrains.jps.cmdline.BuildMain - Connection to IDE established in 984 ms
2021-05-25 20:12:12,781 [   1104]   INFO - penapi.util.io.win32.IdeaWin32 - Native filesystem for Windows is operational
2021-05-25 20:12:12,826 [   1149]   INFO - jps.cmdline.JpsModelLoaderImpl - Loading model: project path = C:/Users/Genius/IdeaProjects/test, global options path = C:/Users/Genius/IdeaProjects/devtools5/build/idea-sandbox/config/options
2021-05-25 20:12:13,194 [   1517]   INFO - jps.cmdline.JpsModelLoaderImpl - Model loaded in 367 ms
2021-05-25 20:12:13,194 [   1517]   INFO - jps.cmdline.JpsModelLoaderImpl - Project has 1 modules, 0 libraries
2021-05-25 20:32:26,108 [      0]   INFO - etbrains.jps.cmdline.BuildMain - ==================================================
2021-05-25 20:32:26,131 [     23]   INFO - etbrains.jps.cmdline.BuildMain - Build process started. Classpath: C:/Users/Genius/.gradle/caches/modules-2/files-2.1/com.jetbrains.intellij.idea/ideaIC/2020.3.4/b86eac6c6a0550d0f4deca1e3592f7d675034e11/ideaIC-2020.3.4/plugins/java/lib/jps-launcher.jar
2021-05-25 20:32:26,521 [    413]   INFO - etbrains.jps.cmdline.BuildMain - Connection to IDE established in 336 ms
2021-05-25 20:32:26,756 [    648]   INFO - jps.cmdline.JpsModelLoaderImpl - Loading model: project path = C:/Users/Genius/IdeaProjects/test, global options path = C:/Users/Genius/IdeaProjects/devtools5/build/idea-sandbox/config/options
2021-05-25 20:32:26,964 [    856]   INFO - jps.cmdline.JpsModelLoaderImpl - Model loaded in 207 ms
2021-05-25 20:32:26,964 [    856]   INFO - jps.cmdline.JpsModelLoaderImpl - Project has 1 modules, 0 libraries
2021-05-25 20:32:27,048 [    940]   INFO - m.intellij.util.io.StorageLock - lower=100; upper=500; buffer=10; max=680
2021-05-25 20:32:27,055 [    947]  ERROR - tellij.util.io.FileChannelUtil - symbolic reference class is not accessible: class sun.nio.ch.FileChannelImpl, from class com.intellij.util.io.FileChannelUtil (unnamed module @40e6dfe1)
java.lang.IllegalAccessException: symbolic reference class is not accessible: class sun.nio.ch.FileChannelImpl, from class com.intellij.util.io.FileChannelUtil (unnamed module @40e6dfe1)
	at java.base/java.lang.invoke.MemberName.makeAccessException(MemberName.java:957)
	at java.base/java.lang.invoke.MethodHandles$Lookup.checkSymbolicClass(MethodHandles.java:3675)
	at java.base/java.lang.invoke.MethodHandles$Lookup.resolveOrFail(MethodHandles.java:3647)
	at java.base/java.lang.invoke.MethodHandles$Lookup.findVirtual(MethodHandles.java:2687)
	at com.intellij.util.io.FileChannelUtil.setupUnInterruptibleHandle(FileChannelUtil.java:36)
	at com.intellij.util.io.FileChannelUtil.<clinit>(FileChannelUtil.java:18)
	at com.intellij.util.io.ReadWriteDirectBufferWrapper$FileContext$1.execute(ReadWriteDirectBufferWrapper.java:60)
	at com.intellij.util.io.ReadWriteDirectBufferWrapper$FileContext$1.execute(ReadWriteDirectBufferWrapper.java:50)
	at com.intellij.openapi.util.io.FileUtilRt.doIOOperation(FileUtilRt.java:991)
	at com.intellij.util.io.ReadWriteDirectBufferWrapper$FileContext.<init>(ReadWriteDirectBufferWrapper.java:50)
	at com.intellij.util.io.ReadWriteDirectBufferWrapper.create(ReadWriteDirectBufferWrapper.java:35)
	at com.intellij.util.io.DirectBufferWrapper.doCreate(DirectBufferWrapper.java:65)
	at com.intellij.util.io.DirectBufferWrapper.getBuffer(DirectBufferWrapper.java:37)
	at com.intellij.util.io.ReadWriteDirectBufferWrapper.getBuffer(ReadWriteDirectBufferWrapper.java:22)
	at com.intellij.util.io.StorageLock.createValue(StorageLock.java:229)
	at com.intellij.util.io.StorageLock.get(StorageLock.java:154)
	at com.intellij.util.io.PagedFileStorage.getBufferWrapper(PagedFileStorage.java:324)
	at com.intellij.util.io.PagedFileStorage.getReadOnlyBuffer(PagedFileStorage.java:307)
	at com.intellij.util.io.PagedFileStorage.getInt(PagedFileStorage.java:110)
	at com.intellij.util.io.ResizeableMappedFile.getInt(ResizeableMappedFile.java:203)
	at com.intellij.util.io.PersistentEnumeratorBase.<init>(PersistentEnumeratorBase.java:219)
	at com.intellij.util.io.PersistentBTreeEnumerator.<init>(PersistentBTreeEnumerator.java:73)
	at com.intellij.util.io.PersistentEnumeratorDelegate.createDefaultEnumerator(PersistentEnumeratorDelegate.java:69)
	at com.intellij.util.io.PersistentHashMap.<init>(PersistentHashMap.java:164)
	at com.intellij.util.io.PersistentHashMap.<init>(PersistentHashMap.java:149)
	at com.intellij.util.io.PersistentHashMap.<init>(PersistentHashMap.java:140)
	at com.intellij.util.io.PersistentHashMap.<init>(PersistentHashMap.java:132)
	at com.intellij.util.io.PersistentHashMap.<init>(PersistentHashMap.java:119)
	at org.jetbrains.jps.incremental.storage.AbstractStateStorage.createMap(AbstractStateStorage.java:119)
	at org.jetbrains.jps.incremental.storage.AbstractStateStorage.<init>(AbstractStateStorage.java:27)
	at org.jetbrains.jps.incremental.storage.FileTimestampStorage.<init>(FileTimestampStorage.java:27)
	at org.jetbrains.jps.incremental.storage.ProjectStamps.<init>(ProjectStamps.java:41)
	at org.jetbrains.jps.cmdline.BuildRunner.load(BuildRunner.java:78)
	at org.jetbrains.jps.cmdline.BuildSession.runBuild(BuildSession.java:279)
	at org.jetbrains.jps.cmdline.BuildSession.run(BuildSession.java:132)
	at org.jetbrains.jps.cmdline.BuildMain$MyMessageHandler.lambda$channelRead0$0(BuildMain.java:219)
	at java.base/java.util.concurrent.ThreadPoolExecutor.runWorker(ThreadPoolExecutor.java:1130)
	at java.base/java.util.concurrent.ThreadPoolExecutor$Worker.run(ThreadPoolExecutor.java:630)
	at java.base/java.lang.Thread.run(Thread.java:831)
2021-05-25 20:32:27,056 [    948]   INFO - tellij.util.io.FileChannelUtil - interruptible FileChannels will be used for indexes
2021-05-25 20:32:28,775 [      0]   INFO - etbrains.jps.cmdline.BuildMain - ==================================================
2021-05-25 20:32:28,776 [      1]   INFO - etbrains.jps.cmdline.BuildMain - Build process started. Classpath: C:/Users/Genius/.gradle/caches/modules-2/files-2.1/com.jetbrains.intellij.idea/ideaIC/2020.3.4/b86eac6c6a0550d0f4deca1e3592f7d675034e11/ideaIC-2020.3.4/plugins/java/lib/jps-launcher.jar
2021-05-25 20:32:29,148 [    373]   INFO - etbrains.jps.cmdline.BuildMain - Connection to IDE established in 314 ms
2021-05-25 20:32:29,188 [    413]   INFO - penapi.util.io.win32.IdeaWin32 - Native filesystem for Windows is operational
2021-05-25 20:32:29,210 [    435]   INFO - jps.cmdline.JpsModelLoaderImpl - Loading model: project path = C:/Users/Genius/IdeaProjects/test, global options path = C:/Users/Genius/IdeaProjects/devtools5/build/idea-sandbox/config/options
2021-05-25 20:32:29,402 [    627]   INFO - jps.cmdline.JpsModelLoaderImpl - Model loaded in 191 ms
2021-05-25 20:32:29,402 [    627]   INFO - jps.cmdline.JpsModelLoaderImpl - Project has 1 modules, 0 libraries
2021-05-25 20:32:29,481 [    706]   INFO - m.intellij.util.io.StorageLock - lower=100; upper=500; buffer=10; max=680
2021-05-25 20:32:29,488 [    713]  ERROR - tellij.util.io.FileChannelUtil - symbolic reference class is not accessible: class sun.nio.ch.FileChannelImpl, from class com.intellij.util.io.FileChannelUtil (unnamed module @40e6dfe1)
java.lang.IllegalAccessException: symbolic reference class is not accessible: class sun.nio.ch.FileChannelImpl, from class com.intellij.util.io.FileChannelUtil (unnamed module @40e6dfe1)
	at java.base/java.lang.invoke.MemberName.makeAccessException(MemberName.java:957)
	at java.base/java.lang.invoke.MethodHandles$Lookup.checkSymbolicClass(MethodHandles.java:3675)
	at java.base/java.lang.invoke.MethodHandles$Lookup.resolveOrFail(MethodHandles.java:3647)
	at java.base/java.lang.invoke.MethodHandles$Lookup.findVirtual(MethodHandles.java:2687)
	at com.intellij.util.io.FileChannelUtil.setupUnInterruptibleHandle(FileChannelUtil.java:36)
	at com.intellij.util.io.FileChannelUtil.<clinit>(FileChannelUtil.java:18)
	at com.intellij.util.io.ReadWriteDirectBufferWrapper$FileContext$1.execute(ReadWriteDirectBufferWrapper.java:60)
	at com.intellij.util.io.ReadWriteDirectBufferWrapper$FileContext$1.execute(ReadWriteDirectBufferWrapper.java:50)
	at com.intellij.openapi.util.io.FileUtilRt.doIOOperation(FileUtilRt.java:991)
	at com.intellij.util.io.ReadWriteDirectBufferWrapper$FileContext.<init>(ReadWriteDirectBufferWrapper.java:50)
	at com.intellij.util.io.ReadWriteDirectBufferWrapper.create(ReadWriteDirectBufferWrapper.java:35)
	at com.intellij.util.io.DirectBufferWrapper.doCreate(DirectBufferWrapper.java:65)
	at com.intellij.util.io.DirectBufferWrapper.getBuffer(DirectBufferWrapper.java:37)
	at com.intellij.util.io.ReadWriteDirectBufferWrapper.getBuffer(ReadWriteDirectBufferWrapper.java:22)
	at com.intellij.util.io.StorageLock.createValue(StorageLock.java:229)
	at com.intellij.util.io.StorageLock.get(StorageLock.java:154)
	at com.intellij.util.io.PagedFileStorage.getBufferWrapper(PagedFileStorage.java:324)
	at com.intellij.util.io.PagedFileStorage.getReadOnlyBuffer(PagedFileStorage.java:307)
	at com.intellij.util.io.PagedFileStorage.getInt(PagedFileStorage.java:110)
	at com.intellij.util.io.ResizeableMappedFile.getInt(ResizeableMappedFile.java:203)
	at com.intellij.util.io.PersistentEnumeratorBase.<init>(PersistentEnumeratorBase.java:219)
	at com.intellij.util.io.PersistentBTreeEnumerator.<init>(PersistentBTreeEnumerator.java:73)
	at com.intellij.util.io.PersistentEnumeratorDelegate.createDefaultEnumerator(PersistentEnumeratorDelegate.java:69)
	at com.intellij.util.io.PersistentHashMap.<init>(PersistentHashMap.java:164)
	at com.intellij.util.io.PersistentHashMap.<init>(PersistentHashMap.java:149)
	at com.intellij.util.io.PersistentHashMap.<init>(PersistentHashMap.java:140)
	at com.intellij.util.io.PersistentHashMap.<init>(PersistentHashMap.java:132)
	at com.intellij.util.io.PersistentHashMap.<init>(PersistentHashMap.java:119)
	at org.jetbrains.jps.incremental.storage.AbstractStateStorage.createMap(AbstractStateStorage.java:119)
	at org.jetbrains.jps.incremental.storage.AbstractStateStorage.<init>(AbstractStateStorage.java:27)
	at org.jetbrains.jps.incremental.storage.FileTimestampStorage.<init>(FileTimestampStorage.java:27)
	at org.jetbrains.jps.incremental.storage.ProjectStamps.<init>(ProjectStamps.java:41)
	at org.jetbrains.jps.cmdline.BuildRunner.load(BuildRunner.java:78)
	at org.jetbrains.jps.cmdline.BuildMain.main(BuildMain.java:125)
	at java.base/jdk.internal.reflect.NativeMethodAccessorImpl.invoke0(Native Method)
	at java.base/jdk.internal.reflect.NativeMethodAccessorImpl.invoke(NativeMethodAccessorImpl.java:78)
	at java.base/jdk.internal.reflect.DelegatingMethodAccessorImpl.invoke(DelegatingMethodAccessorImpl.java:43)
	at java.base/java.lang.reflect.Method.invoke(Method.java:567)
	at org.jetbrains.jps.cmdline.Launcher.main(Launcher.java:43)
2021-05-25 20:32:29,490 [    715]   INFO - tellij.util.io.FileChannelUtil - interruptible FileChannels will be used for indexes
2021-05-25 20:32:29,623 [    848]   INFO - etbrains.jps.cmdline.BuildMain - Pre-loaded process ready in 859 ms
2021-05-25 20:34:50,890 [ 142115]   INFO - etbrains.jps.cmdline.BuildMain - Build canceled, but no build session is running. Exiting.
2021-05-25 20:41:00,095 [      0]   INFO - etbrains.jps.cmdline.BuildMain - ==================================================
2021-05-25 20:41:00,096 [      1]   INFO - etbrains.jps.cmdline.BuildMain - Build process started. Classpath: C:/Users/Genius/.gradle/caches/modules-2/files-2.1/com.jetbrains.intellij.idea/ideaIC/2020.3.4/b86eac6c6a0550d0f4deca1e3592f7d675034e11/ideaIC-2020.3.4/plugins/java/lib/jps-launcher.jar
2021-05-25 20:41:00,442 [    347]   INFO - etbrains.jps.cmdline.BuildMain - Connection to IDE established in 289 ms
2021-05-25 20:41:00,667 [    572]   INFO - jps.cmdline.JpsModelLoaderImpl - Loading model: project path = C:/Users/Genius/IdeaProjects/test, global options path = C:/Users/Genius/IdeaProjects/devtools5/build/idea-sandbox/config/options
2021-05-25 20:41:00,904 [    809]   INFO - jps.cmdline.JpsModelLoaderImpl - Model loaded in 237 ms
2021-05-25 20:41:00,904 [    809]   INFO - jps.cmdline.JpsModelLoaderImpl - Project has 1 modules, 0 libraries
2021-05-25 20:41:01,007 [    912]   INFO - m.intellij.util.io.StorageLock - lower=100; upper=500; buffer=10; max=680
2021-05-25 20:41:01,014 [    919]  ERROR - tellij.util.io.FileChannelUtil - symbolic reference class is not accessible: class sun.nio.ch.FileChannelImpl, from class com.intellij.util.io.FileChannelUtil (unnamed module @40e6dfe1)
java.lang.IllegalAccessException: symbolic reference class is not accessible: class sun.nio.ch.FileChannelImpl, from class com.intellij.util.io.FileChannelUtil (unnamed module @40e6dfe1)
	at java.base/java.lang.invoke.MemberName.makeAccessException(MemberName.java:957)
	at java.base/java.lang.invoke.MethodHandles$Lookup.checkSymbolicClass(MethodHandles.java:3675)
	at java.base/java.lang.invoke.MethodHandles$Lookup.resolveOrFail(MethodHandles.java:3647)
	at java.base/java.lang.invoke.MethodHandles$Lookup.findVirtual(MethodHandles.java:2687)
	at com.intellij.util.io.FileChannelUtil.setupUnInterruptibleHandle(FileChannelUtil.java:36)
	at com.intellij.util.io.FileChannelUtil.<clinit>(FileChannelUtil.java:18)
	at com.intellij.util.io.ReadWriteDirectBufferWrapper$FileContext$1.execute(ReadWriteDirectBufferWrapper.java:60)
	at com.intellij.util.io.ReadWriteDirectBufferWrapper$FileContext$1.execute(ReadWriteDirectBufferWrapper.java:50)
	at com.intellij.openapi.util.io.FileUtilRt.doIOOperation(FileUtilRt.java:991)
	at com.intellij.util.io.ReadWriteDirectBufferWrapper$FileContext.<init>(ReadWriteDirectBufferWrapper.java:50)
	at com.intellij.util.io.ReadWriteDirectBufferWrapper.create(ReadWriteDirectBufferWrapper.java:35)
	at com.intellij.util.io.DirectBufferWrapper.doCreate(DirectBufferWrapper.java:65)
	at com.intellij.util.io.DirectBufferWrapper.getBuffer(DirectBufferWrapper.java:37)
	at com.intellij.util.io.ReadWriteDirectBufferWrapper.getBuffer(ReadWriteDirectBufferWrapper.java:22)
	at com.intellij.util.io.StorageLock.createValue(StorageLock.java:229)
	at com.intellij.util.io.StorageLock.get(StorageLock.java:154)
	at com.intellij.util.io.PagedFileStorage.getBufferWrapper(PagedFileStorage.java:324)
	at com.intellij.util.io.PagedFileStorage.getReadOnlyBuffer(PagedFileStorage.java:307)
	at com.intellij.util.io.PagedFileStorage.getInt(PagedFileStorage.java:110)
	at com.intellij.util.io.ResizeableMappedFile.getInt(ResizeableMappedFile.java:203)
	at com.intellij.util.io.PersistentEnumeratorBase.<init>(PersistentEnumeratorBase.java:219)
	at com.intellij.util.io.PersistentBTreeEnumerator.<init>(PersistentBTreeEnumerator.java:73)
	at com.intellij.util.io.PersistentEnumeratorDelegate.createDefaultEnumerator(PersistentEnumeratorDelegate.java:69)
	at com.intellij.util.io.PersistentHashMap.<init>(PersistentHashMap.java:164)
	at com.intellij.util.io.PersistentHashMap.<init>(PersistentHashMap.java:149)
	at com.intellij.util.io.PersistentHashMap.<init>(PersistentHashMap.java:140)
	at com.intellij.util.io.PersistentHashMap.<init>(PersistentHashMap.java:132)
	at com.intellij.util.io.PersistentHashMap.<init>(PersistentHashMap.java:119)
	at org.jetbrains.jps.incremental.storage.AbstractStateStorage.createMap(AbstractStateStorage.java:119)
	at org.jetbrains.jps.incremental.storage.AbstractStateStorage.<init>(AbstractStateStorage.java:27)
	at org.jetbrains.jps.incremental.storage.FileTimestampStorage.<init>(FileTimestampStorage.java:27)
	at org.jetbrains.jps.incremental.storage.ProjectStamps.<init>(ProjectStamps.java:41)
	at org.jetbrains.jps.cmdline.BuildRunner.load(BuildRunner.java:78)
	at org.jetbrains.jps.cmdline.BuildSession.runBuild(BuildSession.java:279)
	at org.jetbrains.jps.cmdline.BuildSession.run(BuildSession.java:132)
	at org.jetbrains.jps.cmdline.BuildMain$MyMessageHandler.lambda$channelRead0$0(BuildMain.java:219)
	at java.base/java.util.concurrent.ThreadPoolExecutor.runWorker(ThreadPoolExecutor.java:1130)
	at java.base/java.util.concurrent.ThreadPoolExecutor$Worker.run(ThreadPoolExecutor.java:630)
	at java.base/java.lang.Thread.run(Thread.java:831)
2021-05-25 20:41:01,016 [    921]   INFO - tellij.util.io.FileChannelUtil - interruptible FileChannels will be used for indexes
2021-05-25 20:41:04,883 [      0]   INFO - etbrains.jps.cmdline.BuildMain - ==================================================
2021-05-25 20:41:04,883 [      0]   INFO - etbrains.jps.cmdline.BuildMain - Build process started. Classpath: C:/Users/Genius/.gradle/caches/modules-2/files-2.1/com.jetbrains.intellij.idea/ideaIC/2020.3.4/b86eac6c6a0550d0f4deca1e3592f7d675034e11/ideaIC-2020.3.4/plugins/java/lib/jps-launcher.jar
2021-05-25 20:41:05,219 [    336]   INFO - etbrains.jps.cmdline.BuildMain - Connection to IDE established in 260 ms
2021-05-25 20:41:05,238 [    355]   INFO - penapi.util.io.win32.IdeaWin32 - Native filesystem for Windows is operational
2021-05-25 20:41:05,272 [    389]   INFO - jps.cmdline.JpsModelLoaderImpl - Loading model: project path = C:/Users/Genius/IdeaProjects/test, global options path = C:/Users/Genius/IdeaProjects/devtools5/build/idea-sandbox/config/options
2021-05-25 20:41:05,474 [    591]   INFO - jps.cmdline.JpsModelLoaderImpl - Model loaded in 201 ms
2021-05-25 20:41:05,474 [    591]   INFO - jps.cmdline.JpsModelLoaderImpl - Project has 1 modules, 0 libraries
2021-05-25 20:41:05,580 [    697]   INFO - m.intellij.util.io.StorageLock - lower=100; upper=500; buffer=10; max=680
2021-05-25 20:41:05,587 [    704]  ERROR - tellij.util.io.FileChannelUtil - symbolic reference class is not accessible: class sun.nio.ch.FileChannelImpl, from class com.intellij.util.io.FileChannelUtil (unnamed module @40e6dfe1)
java.lang.IllegalAccessException: symbolic reference class is not accessible: class sun.nio.ch.FileChannelImpl, from class com.intellij.util.io.FileChannelUtil (unnamed module @40e6dfe1)
	at java.base/java.lang.invoke.MemberName.makeAccessException(MemberName.java:957)
	at java.base/java.lang.invoke.MethodHandles$Lookup.checkSymbolicClass(MethodHandles.java:3675)
	at java.base/java.lang.invoke.MethodHandles$Lookup.resolveOrFail(MethodHandles.java:3647)
	at java.base/java.lang.invoke.MethodHandles$Lookup.findVirtual(MethodHandles.java:2687)
	at com.intellij.util.io.FileChannelUtil.setupUnInterruptibleHandle(FileChannelUtil.java:36)
	at com.intellij.util.io.FileChannelUtil.<clinit>(FileChannelUtil.java:18)
	at com.intellij.util.io.ReadWriteDirectBufferWrapper$FileContext$1.execute(ReadWriteDirectBufferWrapper.java:60)
	at com.intellij.util.io.ReadWriteDirectBufferWrapper$FileContext$1.execute(ReadWriteDirectBufferWrapper.java:50)
	at com.intellij.openapi.util.io.FileUtilRt.doIOOperation(FileUtilRt.java:991)
	at com.intellij.util.io.ReadWriteDirectBufferWrapper$FileContext.<init>(ReadWriteDirectBufferWrapper.java:50)
	at com.intellij.util.io.ReadWriteDirectBufferWrapper.create(ReadWriteDirectBufferWrapper.java:35)
	at com.intellij.util.io.DirectBufferWrapper.doCreate(DirectBufferWrapper.java:65)
	at com.intellij.util.io.DirectBufferWrapper.getBuffer(DirectBufferWrapper.java:37)
	at com.intellij.util.io.ReadWriteDirectBufferWrapper.getBuffer(ReadWriteDirectBufferWrapper.java:22)
	at com.intellij.util.io.StorageLock.createValue(StorageLock.java:229)
	at com.intellij.util.io.StorageLock.get(StorageLock.java:154)
	at com.intellij.util.io.PagedFileStorage.getBufferWrapper(PagedFileStorage.java:324)
	at com.intellij.util.io.PagedFileStorage.getReadOnlyBuffer(PagedFileStorage.java:307)
	at com.intellij.util.io.PagedFileStorage.getInt(PagedFileStorage.java:110)
	at com.intellij.util.io.ResizeableMappedFile.getInt(ResizeableMappedFile.java:203)
	at com.intellij.util.io.PersistentEnumeratorBase.<init>(PersistentEnumeratorBase.java:219)
	at com.intellij.util.io.PersistentBTreeEnumerator.<init>(PersistentBTreeEnumerator.java:73)
	at com.intellij.util.io.PersistentEnumeratorDelegate.createDefaultEnumerator(PersistentEnumeratorDelegate.java:69)
	at com.intellij.util.io.PersistentHashMap.<init>(PersistentHashMap.java:164)
	at com.intellij.util.io.PersistentHashMap.<init>(PersistentHashMap.java:149)
	at com.intellij.util.io.PersistentHashMap.<init>(PersistentHashMap.java:140)
	at com.intellij.util.io.PersistentHashMap.<init>(PersistentHashMap.java:132)
	at com.intellij.util.io.PersistentHashMap.<init>(PersistentHashMap.java:119)
	at org.jetbrains.jps.incremental.storage.AbstractStateStorage.createMap(AbstractStateStorage.java:119)
	at org.jetbrains.jps.incremental.storage.AbstractStateStorage.<init>(AbstractStateStorage.java:27)
	at org.jetbrains.jps.incremental.storage.FileTimestampStorage.<init>(FileTimestampStorage.java:27)
	at org.jetbrains.jps.incremental.storage.ProjectStamps.<init>(ProjectStamps.java:41)
	at org.jetbrains.jps.cmdline.BuildRunner.load(BuildRunner.java:78)
	at org.jetbrains.jps.cmdline.BuildMain.main(BuildMain.java:125)
	at java.base/jdk.internal.reflect.NativeMethodAccessorImpl.invoke0(Native Method)
	at java.base/jdk.internal.reflect.NativeMethodAccessorImpl.invoke(NativeMethodAccessorImpl.java:78)
	at java.base/jdk.internal.reflect.DelegatingMethodAccessorImpl.invoke(DelegatingMethodAccessorImpl.java:43)
	at java.base/java.lang.reflect.Method.invoke(Method.java:567)
	at org.jetbrains.jps.cmdline.Launcher.main(Launcher.java:43)
2021-05-25 20:41:05,589 [    706]   INFO - tellij.util.io.FileChannelUtil - interruptible FileChannels will be used for indexes
2021-05-25 20:41:05,818 [    935]   INFO - etbrains.jps.cmdline.BuildMain - Pre-loaded process ready in 949 ms
2021-05-25 20:42:11,663 [  66780]   WARN - channel.DefaultChannelPipeline - An exceptionCaught() event was fired, and it reached at the tail of the pipeline. It usually means the last handler in the pipeline did not handle the exception.
java.net.SocketException: Connection reset
	at java.base/sun.nio.ch.SocketChannelImpl.throwConnectionReset(SocketChannelImpl.java:394)
	at java.base/sun.nio.ch.SocketChannelImpl.read(SocketChannelImpl.java:426)
	at io.netty.buffer.PooledByteBuf.setBytes(PooledByteBuf.java:253)
	at io.netty.buffer.AbstractByteBuf.writeBytes(AbstractByteBuf.java:1133)
	at io.netty.channel.socket.nio.NioSocketChannel.doReadBytes(NioSocketChannel.java:350)
	at io.netty.channel.nio.AbstractNioByteChannel$NioByteUnsafe.read(AbstractNioByteChannel.java:151)
	at io.netty.channel.nio.NioEventLoop.processSelectedKey(NioEventLoop.java:714)
	at io.netty.channel.nio.NioEventLoop.processSelectedKeysPlain(NioEventLoop.java:615)
	at io.netty.channel.nio.NioEventLoop.processSelectedKeys(NioEventLoop.java:578)
	at io.netty.channel.nio.NioEventLoop.run(NioEventLoop.java:493)
	at io.netty.util.concurrent.SingleThreadEventExecutor$4.run(SingleThreadEventExecutor.java:989)
	at io.netty.util.internal.ThreadExecutorMap$2.run(ThreadExecutorMap.java:74)
	at java.base/java.lang.Thread.run(Thread.java:831)
2021-05-25 20:45:04,137 [      0]   INFO - etbrains.jps.cmdline.BuildMain - ==================================================
2021-05-25 20:45:04,137 [      0]   INFO - etbrains.jps.cmdline.BuildMain - Build process started. Classpath: C:/Users/Genius/.gradle/caches/modules-2/files-2.1/com.jetbrains.intellij.idea/ideaIC/2020.3.4/b86eac6c6a0550d0f4deca1e3592f7d675034e11/ideaIC-2020.3.4/plugins/java/lib/jps-launcher.jar
2021-05-25 20:45:05,271 [   1134]   INFO - etbrains.jps.cmdline.BuildMain - Connection to IDE established in 824 ms
2021-05-25 20:45:05,547 [   1410]   INFO - jps.cmdline.JpsModelLoaderImpl - Loading model: project path = C:/Users/Genius/IdeaProjects/test, global options path = C:/Users/Genius/IdeaProjects/devtools5/build/idea-sandbox/config/options
2021-05-25 20:45:06,192 [   2055]   INFO - jps.cmdline.JpsModelLoaderImpl - Model loaded in 645 ms
2021-05-25 20:45:06,193 [   2056]   INFO - jps.cmdline.JpsModelLoaderImpl - Project has 1 modules, 0 libraries
2021-05-25 20:45:06,374 [   2237]   INFO - m.intellij.util.io.StorageLock - lower=100; upper=500; buffer=10; max=680
2021-05-25 20:45:06,382 [   2245]  ERROR - tellij.util.io.FileChannelUtil - symbolic reference class is not accessible: class sun.nio.ch.FileChannelImpl, from class com.intellij.util.io.FileChannelUtil (unnamed module @40e6dfe1)
java.lang.IllegalAccessException: symbolic reference class is not accessible: class sun.nio.ch.FileChannelImpl, from class com.intellij.util.io.FileChannelUtil (unnamed module @40e6dfe1)
	at java.base/java.lang.invoke.MemberName.makeAccessException(MemberName.java:957)
	at java.base/java.lang.invoke.MethodHandles$Lookup.checkSymbolicClass(MethodHandles.java:3675)
	at java.base/java.lang.invoke.MethodHandles$Lookup.resolveOrFail(MethodHandles.java:3647)
	at java.base/java.lang.invoke.MethodHandles$Lookup.findVirtual(MethodHandles.java:2687)
	at com.intellij.util.io.FileChannelUtil.setupUnInterruptibleHandle(FileChannelUtil.java:36)
	at com.intellij.util.io.FileChannelUtil.<clinit>(FileChannelUtil.java:18)
	at com.intellij.util.io.ReadWriteDirectBufferWrapper$FileContext$1.execute(ReadWriteDirectBufferWrapper.java:60)
	at com.intellij.util.io.ReadWriteDirectBufferWrapper$FileContext$1.execute(ReadWriteDirectBufferWrapper.java:50)
	at com.intellij.openapi.util.io.FileUtilRt.doIOOperation(FileUtilRt.java:991)
	at com.intellij.util.io.ReadWriteDirectBufferWrapper$FileContext.<init>(ReadWriteDirectBufferWrapper.java:50)
	at com.intellij.util.io.ReadWriteDirectBufferWrapper.create(ReadWriteDirectBufferWrapper.java:35)
	at com.intellij.util.io.DirectBufferWrapper.doCreate(DirectBufferWrapper.java:65)
	at com.intellij.util.io.DirectBufferWrapper.getBuffer(DirectBufferWrapper.java:37)
	at com.intellij.util.io.ReadWriteDirectBufferWrapper.getBuffer(ReadWriteDirectBufferWrapper.java:22)
	at com.intellij.util.io.StorageLock.createValue(StorageLock.java:229)
	at com.intellij.util.io.StorageLock.get(StorageLock.java:154)
	at com.intellij.util.io.PagedFileStorage.getBufferWrapper(PagedFileStorage.java:324)
	at com.intellij.util.io.PagedFileStorage.getReadOnlyBuffer(PagedFileStorage.java:307)
	at com.intellij.util.io.PagedFileStorage.getInt(PagedFileStorage.java:110)
	at com.intellij.util.io.ResizeableMappedFile.getInt(ResizeableMappedFile.java:203)
	at com.intellij.util.io.PersistentEnumeratorBase.<init>(PersistentEnumeratorBase.java:219)
	at com.intellij.util.io.PersistentBTreeEnumerator.<init>(PersistentBTreeEnumerator.java:73)
	at com.intellij.util.io.PersistentEnumeratorDelegate.createDefaultEnumerator(PersistentEnumeratorDelegate.java:69)
	at com.intellij.util.io.PersistentHashMap.<init>(PersistentHashMap.java:164)
	at com.intellij.util.io.PersistentHashMap.<init>(PersistentHashMap.java:149)
	at com.intellij.util.io.PersistentHashMap.<init>(PersistentHashMap.java:140)
	at com.intellij.util.io.PersistentHashMap.<init>(PersistentHashMap.java:132)
	at com.intellij.util.io.PersistentHashMap.<init>(PersistentHashMap.java:119)
	at org.jetbrains.jps.incremental.storage.AbstractStateStorage.createMap(AbstractStateStorage.java:119)
	at org.jetbrains.jps.incremental.storage.AbstractStateStorage.<init>(AbstractStateStorage.java:27)
	at org.jetbrains.jps.incremental.storage.FileTimestampStorage.<init>(FileTimestampStorage.java:27)
	at org.jetbrains.jps.incremental.storage.ProjectStamps.<init>(ProjectStamps.java:41)
	at org.jetbrains.jps.cmdline.BuildRunner.load(BuildRunner.java:78)
	at org.jetbrains.jps.cmdline.BuildSession.runBuild(BuildSession.java:279)
	at org.jetbrains.jps.cmdline.BuildSession.run(BuildSession.java:132)
	at org.jetbrains.jps.cmdline.BuildMain$MyMessageHandler.lambda$channelRead0$0(BuildMain.java:219)
	at java.base/java.util.concurrent.ThreadPoolExecutor.runWorker(ThreadPoolExecutor.java:1130)
	at java.base/java.util.concurrent.ThreadPoolExecutor$Worker.run(ThreadPoolExecutor.java:630)
	at java.base/java.lang.Thread.run(Thread.java:831)
2021-05-25 20:45:06,385 [   2248]   INFO - tellij.util.io.FileChannelUtil - interruptible FileChannels will be used for indexes
2021-05-25 20:45:09,793 [      0]   INFO - etbrains.jps.cmdline.BuildMain - ==================================================
2021-05-25 20:45:09,794 [      1]   INFO - etbrains.jps.cmdline.BuildMain - Build process started. Classpath: C:/Users/Genius/.gradle/caches/modules-2/files-2.1/com.jetbrains.intellij.idea/ideaIC/2020.3.4/b86eac6c6a0550d0f4deca1e3592f7d675034e11/ideaIC-2020.3.4/plugins/java/lib/jps-launcher.jar
2021-05-25 20:45:11,261 [   1468]   INFO - etbrains.jps.cmdline.BuildMain - Connection to IDE established in 1061 ms
2021-05-25 20:45:11,309 [   1516]   INFO - penapi.util.io.win32.IdeaWin32 - Native filesystem for Windows is operational
2021-05-25 20:45:11,335 [   1542]   INFO - jps.cmdline.JpsModelLoaderImpl - Loading model: project path = C:/Users/Genius/IdeaProjects/test, global options path = C:/Users/Genius/IdeaProjects/devtools5/build/idea-sandbox/config/options
2021-05-25 20:45:11,581 [   1788]   INFO - jps.cmdline.JpsModelLoaderImpl - Model loaded in 246 ms
2021-05-25 20:45:11,582 [   1789]   INFO - jps.cmdline.JpsModelLoaderImpl - Project has 1 modules, 0 libraries
2021-05-25 20:45:11,681 [   1888]   INFO - m.intellij.util.io.StorageLock - lower=100; upper=500; buffer=10; max=680
2021-05-25 20:45:11,688 [   1895]  ERROR - tellij.util.io.FileChannelUtil - symbolic reference class is not accessible: class sun.nio.ch.FileChannelImpl, from class com.intellij.util.io.FileChannelUtil (unnamed module @40e6dfe1)
java.lang.IllegalAccessException: symbolic reference class is not accessible: class sun.nio.ch.FileChannelImpl, from class com.intellij.util.io.FileChannelUtil (unnamed module @40e6dfe1)
	at java.base/java.lang.invoke.MemberName.makeAccessException(MemberName.java:957)
	at java.base/java.lang.invoke.MethodHandles$Lookup.checkSymbolicClass(MethodHandles.java:3675)
	at java.base/java.lang.invoke.MethodHandles$Lookup.resolveOrFail(MethodHandles.java:3647)
	at java.base/java.lang.invoke.MethodHandles$Lookup.findVirtual(MethodHandles.java:2687)
	at com.intellij.util.io.FileChannelUtil.setupUnInterruptibleHandle(FileChannelUtil.java:36)
	at com.intellij.util.io.FileChannelUtil.<clinit>(FileChannelUtil.java:18)
	at com.intellij.util.io.ReadWriteDirectBufferWrapper$FileContext$1.execute(ReadWriteDirectBufferWrapper.java:60)
	at com.intellij.util.io.ReadWriteDirectBufferWrapper$FileContext$1.execute(ReadWriteDirectBufferWrapper.java:50)
	at com.intellij.openapi.util.io.FileUtilRt.doIOOperation(FileUtilRt.java:991)
	at com.intellij.util.io.ReadWriteDirectBufferWrapper$FileContext.<init>(ReadWriteDirectBufferWrapper.java:50)
	at com.intellij.util.io.ReadWriteDirectBufferWrapper.create(ReadWriteDirectBufferWrapper.java:35)
	at com.intellij.util.io.DirectBufferWrapper.doCreate(DirectBufferWrapper.java:65)
	at com.intellij.util.io.DirectBufferWrapper.getBuffer(DirectBufferWrapper.java:37)
	at com.intellij.util.io.ReadWriteDirectBufferWrapper.getBuffer(ReadWriteDirectBufferWrapper.java:22)
	at com.intellij.util.io.StorageLock.createValue(StorageLock.java:229)
	at com.intellij.util.io.StorageLock.get(StorageLock.java:154)
	at com.intellij.util.io.PagedFileStorage.getBufferWrapper(PagedFileStorage.java:324)
	at com.intellij.util.io.PagedFileStorage.getReadOnlyBuffer(PagedFileStorage.java:307)
	at com.intellij.util.io.PagedFileStorage.getInt(PagedFileStorage.java:110)
	at com.intellij.util.io.ResizeableMappedFile.getInt(ResizeableMappedFile.java:203)
	at com.intellij.util.io.PersistentEnumeratorBase.<init>(PersistentEnumeratorBase.java:219)
	at com.intellij.util.io.PersistentBTreeEnumerator.<init>(PersistentBTreeEnumerator.java:73)
	at com.intellij.util.io.PersistentEnumeratorDelegate.createDefaultEnumerator(PersistentEnumeratorDelegate.java:69)
	at com.intellij.util.io.PersistentHashMap.<init>(PersistentHashMap.java:164)
	at com.intellij.util.io.PersistentHashMap.<init>(PersistentHashMap.java:149)
	at com.intellij.util.io.PersistentHashMap.<init>(PersistentHashMap.java:140)
	at com.intellij.util.io.PersistentHashMap.<init>(PersistentHashMap.java:132)
	at com.intellij.util.io.PersistentHashMap.<init>(PersistentHashMap.java:119)
	at org.jetbrains.jps.incremental.storage.AbstractStateStorage.createMap(AbstractStateStorage.java:119)
	at org.jetbrains.jps.incremental.storage.AbstractStateStorage.<init>(AbstractStateStorage.java:27)
	at org.jetbrains.jps.incremental.storage.FileTimestampStorage.<init>(FileTimestampStorage.java:27)
	at org.jetbrains.jps.incremental.storage.ProjectStamps.<init>(ProjectStamps.java:41)
	at org.jetbrains.jps.cmdline.BuildRunner.load(BuildRunner.java:78)
	at org.jetbrains.jps.cmdline.BuildMain.main(BuildMain.java:125)
	at java.base/jdk.internal.reflect.NativeMethodAccessorImpl.invoke0(Native Method)
	at java.base/jdk.internal.reflect.NativeMethodAccessorImpl.invoke(NativeMethodAccessorImpl.java:78)
	at java.base/jdk.internal.reflect.DelegatingMethodAccessorImpl.invoke(DelegatingMethodAccessorImpl.java:43)
	at java.base/java.lang.reflect.Method.invoke(Method.java:567)
	at org.jetbrains.jps.cmdline.Launcher.main(Launcher.java:43)
2021-05-25 20:45:11,697 [   1904]   INFO - tellij.util.io.FileChannelUtil - interruptible FileChannels will be used for indexes
2021-05-25 20:45:11,838 [   2045]   INFO - etbrains.jps.cmdline.BuildMain - Pre-loaded process ready in 2321 ms
2021-05-25 20:45:41,913 [  32120]   INFO - etbrains.jps.cmdline.BuildMain - Build canceled, but no build session is running. Exiting.
2021-05-25 20:48:42,921 [      0]   INFO - etbrains.jps.cmdline.BuildMain - ==================================================
2021-05-25 20:48:42,922 [      1]   INFO - etbrains.jps.cmdline.BuildMain - Build process started. Classpath: C:/Users/Genius/.gradle/caches/modules-2/files-2.1/com.jetbrains.intellij.idea/ideaIC/2020.3.4/b86eac6c6a0550d0f4deca1e3592f7d675034e11/ideaIC-2020.3.4/plugins/java/lib/jps-launcher.jar
2021-05-25 20:48:43,788 [    867]   INFO - etbrains.jps.cmdline.BuildMain - Connection to IDE established in 550 ms
2021-05-25 20:48:43,946 [   1025]   INFO - jps.cmdline.JpsModelLoaderImpl - Loading model: project path = C:/Users/Genius/IdeaProjects/test, global options path = C:/Users/Genius/IdeaProjects/devtools5/build/idea-sandbox/config/options
2021-05-25 20:48:44,232 [   1311]   INFO - jps.cmdline.JpsModelLoaderImpl - Model loaded in 286 ms
2021-05-25 20:48:44,232 [   1311]   INFO - jps.cmdline.JpsModelLoaderImpl - Project has 1 modules, 0 libraries
2021-05-25 20:48:44,462 [   1541]   INFO - m.intellij.util.io.StorageLock - lower=100; upper=500; buffer=10; max=680
2021-05-25 20:48:44,472 [   1551]  ERROR - tellij.util.io.FileChannelUtil - symbolic reference class is not accessible: class sun.nio.ch.FileChannelImpl, from class com.intellij.util.io.FileChannelUtil (unnamed module @40e6dfe1)
java.lang.IllegalAccessException: symbolic reference class is not accessible: class sun.nio.ch.FileChannelImpl, from class com.intellij.util.io.FileChannelUtil (unnamed module @40e6dfe1)
	at java.base/java.lang.invoke.MemberName.makeAccessException(MemberName.java:957)
	at java.base/java.lang.invoke.MethodHandles$Lookup.checkSymbolicClass(MethodHandles.java:3675)
	at java.base/java.lang.invoke.MethodHandles$Lookup.resolveOrFail(MethodHandles.java:3647)
	at java.base/java.lang.invoke.MethodHandles$Lookup.findVirtual(MethodHandles.java:2687)
	at com.intellij.util.io.FileChannelUtil.setupUnInterruptibleHandle(FileChannelUtil.java:36)
	at com.intellij.util.io.FileChannelUtil.<clinit>(FileChannelUtil.java:18)
	at com.intellij.util.io.ReadWriteDirectBufferWrapper$FileContext$1.execute(ReadWriteDirectBufferWrapper.java:60)
	at com.intellij.util.io.ReadWriteDirectBufferWrapper$FileContext$1.execute(ReadWriteDirectBufferWrapper.java:50)
	at com.intellij.openapi.util.io.FileUtilRt.doIOOperation(FileUtilRt.java:991)
	at com.intellij.util.io.ReadWriteDirectBufferWrapper$FileContext.<init>(ReadWriteDirectBufferWrapper.java:50)
	at com.intellij.util.io.ReadWriteDirectBufferWrapper.create(ReadWriteDirectBufferWrapper.java:35)
	at com.intellij.util.io.DirectBufferWrapper.doCreate(DirectBufferWrapper.java:65)
	at com.intellij.util.io.DirectBufferWrapper.getBuffer(DirectBufferWrapper.java:37)
	at com.intellij.util.io.ReadWriteDirectBufferWrapper.getBuffer(ReadWriteDirectBufferWrapper.java:22)
	at com.intellij.util.io.StorageLock.createValue(StorageLock.java:229)
	at com.intellij.util.io.StorageLock.get(StorageLock.java:154)
	at com.intellij.util.io.PagedFileStorage.getBufferWrapper(PagedFileStorage.java:324)
	at com.intellij.util.io.PagedFileStorage.getReadOnlyBuffer(PagedFileStorage.java:307)
	at com.intellij.util.io.PagedFileStorage.getInt(PagedFileStorage.java:110)
	at com.intellij.util.io.ResizeableMappedFile.getInt(ResizeableMappedFile.java:203)
	at com.intellij.util.io.PersistentEnumeratorBase.<init>(PersistentEnumeratorBase.java:219)
	at com.intellij.util.io.PersistentBTreeEnumerator.<init>(PersistentBTreeEnumerator.java:73)
	at com.intellij.util.io.PersistentEnumeratorDelegate.createDefaultEnumerator(PersistentEnumeratorDelegate.java:69)
	at com.intellij.util.io.PersistentHashMap.<init>(PersistentHashMap.java:164)
	at com.intellij.util.io.PersistentHashMap.<init>(PersistentHashMap.java:149)
	at com.intellij.util.io.PersistentHashMap.<init>(PersistentHashMap.java:140)
	at com.intellij.util.io.PersistentHashMap.<init>(PersistentHashMap.java:132)
	at com.intellij.util.io.PersistentHashMap.<init>(PersistentHashMap.java:119)
	at org.jetbrains.jps.incremental.storage.AbstractStateStorage.createMap(AbstractStateStorage.java:119)
	at org.jetbrains.jps.incremental.storage.AbstractStateStorage.<init>(AbstractStateStorage.java:27)
	at org.jetbrains.jps.incremental.storage.FileTimestampStorage.<init>(FileTimestampStorage.java:27)
	at org.jetbrains.jps.incremental.storage.ProjectStamps.<init>(ProjectStamps.java:41)
	at org.jetbrains.jps.cmdline.BuildRunner.load(BuildRunner.java:78)
	at org.jetbrains.jps.cmdline.BuildSession.runBuild(BuildSession.java:279)
	at org.jetbrains.jps.cmdline.BuildSession.run(BuildSession.java:132)
	at org.jetbrains.jps.cmdline.BuildMain$MyMessageHandler.lambda$channelRead0$0(BuildMain.java:219)
	at java.base/java.util.concurrent.ThreadPoolExecutor.runWorker(ThreadPoolExecutor.java:1130)
	at java.base/java.util.concurrent.ThreadPoolExecutor$Worker.run(ThreadPoolExecutor.java:630)
	at java.base/java.lang.Thread.run(Thread.java:831)
2021-05-25 20:48:44,476 [   1555]   INFO - tellij.util.io.FileChannelUtil - interruptible FileChannels will be used for indexes
2021-05-25 20:48:48,263 [      0]   INFO - etbrains.jps.cmdline.BuildMain - ==================================================
2021-05-25 20:48:48,263 [      0]   INFO - etbrains.jps.cmdline.BuildMain - Build process started. Classpath: C:/Users/Genius/.gradle/caches/modules-2/files-2.1/com.jetbrains.intellij.idea/ideaIC/2020.3.4/b86eac6c6a0550d0f4deca1e3592f7d675034e11/ideaIC-2020.3.4/plugins/java/lib/jps-launcher.jar
2021-05-25 20:48:49,098 [    835]   INFO - etbrains.jps.cmdline.BuildMain - Connection to IDE established in 365 ms
2021-05-25 20:48:49,116 [    853]   INFO - penapi.util.io.win32.IdeaWin32 - Native filesystem for Windows is operational
2021-05-25 20:48:49,136 [    873]   INFO - jps.cmdline.JpsModelLoaderImpl - Loading model: project path = C:/Users/Genius/IdeaProjects/test, global options path = C:/Users/Genius/IdeaProjects/devtools5/build/idea-sandbox/config/options
2021-05-25 20:48:49,492 [   1229]   INFO - jps.cmdline.JpsModelLoaderImpl - Model loaded in 355 ms
2021-05-25 20:48:49,492 [   1229]   INFO - jps.cmdline.JpsModelLoaderImpl - Project has 1 modules, 0 libraries
2021-05-25 20:48:49,922 [   1659]   INFO - m.intellij.util.io.StorageLock - lower=100; upper=500; buffer=10; max=680
2021-05-25 20:48:49,930 [   1667]  ERROR - tellij.util.io.FileChannelUtil - symbolic reference class is not accessible: class sun.nio.ch.FileChannelImpl, from class com.intellij.util.io.FileChannelUtil (unnamed module @40e6dfe1)
java.lang.IllegalAccessException: symbolic reference class is not accessible: class sun.nio.ch.FileChannelImpl, from class com.intellij.util.io.FileChannelUtil (unnamed module @40e6dfe1)
	at java.base/java.lang.invoke.MemberName.makeAccessException(MemberName.java:957)
	at java.base/java.lang.invoke.MethodHandles$Lookup.checkSymbolicClass(MethodHandles.java:3675)
	at java.base/java.lang.invoke.MethodHandles$Lookup.resolveOrFail(MethodHandles.java:3647)
	at java.base/java.lang.invoke.MethodHandles$Lookup.findVirtual(MethodHandles.java:2687)
	at com.intellij.util.io.FileChannelUtil.setupUnInterruptibleHandle(FileChannelUtil.java:36)
	at com.intellij.util.io.FileChannelUtil.<clinit>(FileChannelUtil.java:18)
	at com.intellij.util.io.ReadWriteDirectBufferWrapper$FileContext$1.execute(ReadWriteDirectBufferWrapper.java:60)
	at com.intellij.util.io.ReadWriteDirectBufferWrapper$FileContext$1.execute(ReadWriteDirectBufferWrapper.java:50)
	at com.intellij.openapi.util.io.FileUtilRt.doIOOperation(FileUtilRt.java:991)
	at com.intellij.util.io.ReadWriteDirectBufferWrapper$FileContext.<init>(ReadWriteDirectBufferWrapper.java:50)
	at com.intellij.util.io.ReadWriteDirectBufferWrapper.create(ReadWriteDirectBufferWrapper.java:35)
	at com.intellij.util.io.DirectBufferWrapper.doCreate(DirectBufferWrapper.java:65)
	at com.intellij.util.io.DirectBufferWrapper.getBuffer(DirectBufferWrapper.java:37)
	at com.intellij.util.io.ReadWriteDirectBufferWrapper.getBuffer(ReadWriteDirectBufferWrapper.java:22)
	at com.intellij.util.io.StorageLock.createValue(StorageLock.java:229)
	at com.intellij.util.io.StorageLock.get(StorageLock.java:154)
	at com.intellij.util.io.PagedFileStorage.getBufferWrapper(PagedFileStorage.java:324)
	at com.intellij.util.io.PagedFileStorage.getReadOnlyBuffer(PagedFileStorage.java:307)
	at com.intellij.util.io.PagedFileStorage.getInt(PagedFileStorage.java:110)
	at com.intellij.util.io.ResizeableMappedFile.getInt(ResizeableMappedFile.java:203)
	at com.intellij.util.io.PersistentEnumeratorBase.<init>(PersistentEnumeratorBase.java:219)
	at com.intellij.util.io.PersistentBTreeEnumerator.<init>(PersistentBTreeEnumerator.java:73)
	at com.intellij.util.io.PersistentEnumeratorDelegate.createDefaultEnumerator(PersistentEnumeratorDelegate.java:69)
	at com.intellij.util.io.PersistentHashMap.<init>(PersistentHashMap.java:164)
	at com.intellij.util.io.PersistentHashMap.<init>(PersistentHashMap.java:149)
	at com.intellij.util.io.PersistentHashMap.<init>(PersistentHashMap.java:140)
	at com.intellij.util.io.PersistentHashMap.<init>(PersistentHashMap.java:132)
	at com.intellij.util.io.PersistentHashMap.<init>(PersistentHashMap.java:119)
	at org.jetbrains.jps.incremental.storage.AbstractStateStorage.createMap(AbstractStateStorage.java:119)
	at org.jetbrains.jps.incremental.storage.AbstractStateStorage.<init>(AbstractStateStorage.java:27)
	at org.jetbrains.jps.incremental.storage.FileTimestampStorage.<init>(FileTimestampStorage.java:27)
	at org.jetbrains.jps.incremental.storage.ProjectStamps.<init>(ProjectStamps.java:41)
	at org.jetbrains.jps.cmdline.BuildRunner.load(BuildRunner.java:78)
	at org.jetbrains.jps.cmdline.BuildMain.main(BuildMain.java:125)
	at java.base/jdk.internal.reflect.NativeMethodAccessorImpl.invoke0(Native Method)
	at java.base/jdk.internal.reflect.NativeMethodAccessorImpl.invoke(NativeMethodAccessorImpl.java:78)
	at java.base/jdk.internal.reflect.DelegatingMethodAccessorImpl.invoke(DelegatingMethodAccessorImpl.java:43)
	at java.base/java.lang.reflect.Method.invoke(Method.java:567)
	at org.jetbrains.jps.cmdline.Launcher.main(Launcher.java:43)
2021-05-25 20:48:49,934 [   1671]   INFO - tellij.util.io.FileChannelUtil - interruptible FileChannels will be used for indexes
2021-05-25 20:48:50,094 [   1831]   INFO - etbrains.jps.cmdline.BuildMain - Pre-loaded process ready in 1935 ms
2021-05-25 20:49:00,231 [  11968]   INFO - etbrains.jps.cmdline.BuildMain - Build canceled, but no build session is running. Exiting.
2021-05-25 20:50:01,459 [      0]   INFO - etbrains.jps.cmdline.BuildMain - ==================================================
2021-05-25 20:50:01,459 [      0]   INFO - etbrains.jps.cmdline.BuildMain - Build process started. Classpath: C:/Users/Genius/.gradle/caches/modules-2/files-2.1/com.jetbrains.intellij.idea/ideaIC/2020.3.4/b86eac6c6a0550d0f4deca1e3592f7d675034e11/ideaIC-2020.3.4/plugins/java/lib/jps-launcher.jar
2021-05-25 20:50:02,360 [    901]   INFO - etbrains.jps.cmdline.BuildMain - Connection to IDE established in 624 ms
2021-05-25 20:50:02,636 [   1177]   INFO - jps.cmdline.JpsModelLoaderImpl - Loading model: project path = C:/Users/Genius/IdeaProjects/test, global options path = C:/Users/Genius/IdeaProjects/devtools5/build/idea-sandbox/config/options
2021-05-25 20:50:03,099 [   1640]   INFO - jps.cmdline.JpsModelLoaderImpl - Model loaded in 462 ms
2021-05-25 20:50:03,099 [   1640]   INFO - jps.cmdline.JpsModelLoaderImpl - Project has 1 modules, 0 libraries
2021-05-25 20:50:03,188 [   1729]   INFO - m.intellij.util.io.StorageLock - lower=100; upper=500; buffer=10; max=680
2021-05-25 20:50:03,194 [   1735]  ERROR - tellij.util.io.FileChannelUtil - symbolic reference class is not accessible: class sun.nio.ch.FileChannelImpl, from class com.intellij.util.io.FileChannelUtil (unnamed module @40e6dfe1)
java.lang.IllegalAccessException: symbolic reference class is not accessible: class sun.nio.ch.FileChannelImpl, from class com.intellij.util.io.FileChannelUtil (unnamed module @40e6dfe1)
	at java.base/java.lang.invoke.MemberName.makeAccessException(MemberName.java:957)
	at java.base/java.lang.invoke.MethodHandles$Lookup.checkSymbolicClass(MethodHandles.java:3675)
	at java.base/java.lang.invoke.MethodHandles$Lookup.resolveOrFail(MethodHandles.java:3647)
	at java.base/java.lang.invoke.MethodHandles$Lookup.findVirtual(MethodHandles.java:2687)
	at com.intellij.util.io.FileChannelUtil.setupUnInterruptibleHandle(FileChannelUtil.java:36)
	at com.intellij.util.io.FileChannelUtil.<clinit>(FileChannelUtil.java:18)
	at com.intellij.util.io.ReadWriteDirectBufferWrapper$FileContext$1.execute(ReadWriteDirectBufferWrapper.java:60)
	at com.intellij.util.io.ReadWriteDirectBufferWrapper$FileContext$1.execute(ReadWriteDirectBufferWrapper.java:50)
	at com.intellij.openapi.util.io.FileUtilRt.doIOOperation(FileUtilRt.java:991)
	at com.intellij.util.io.ReadWriteDirectBufferWrapper$FileContext.<init>(ReadWriteDirectBufferWrapper.java:50)
	at com.intellij.util.io.ReadWriteDirectBufferWrapper.create(ReadWriteDirectBufferWrapper.java:35)
	at com.intellij.util.io.DirectBufferWrapper.doCreate(DirectBufferWrapper.java:65)
	at com.intellij.util.io.DirectBufferWrapper.getBuffer(DirectBufferWrapper.java:37)
	at com.intellij.util.io.ReadWriteDirectBufferWrapper.getBuffer(ReadWriteDirectBufferWrapper.java:22)
	at com.intellij.util.io.StorageLock.createValue(StorageLock.java:229)
	at com.intellij.util.io.StorageLock.get(StorageLock.java:154)
	at com.intellij.util.io.PagedFileStorage.getBufferWrapper(PagedFileStorage.java:324)
	at com.intellij.util.io.PagedFileStorage.getReadOnlyBuffer(PagedFileStorage.java:307)
	at com.intellij.util.io.PagedFileStorage.getInt(PagedFileStorage.java:110)
	at com.intellij.util.io.ResizeableMappedFile.getInt(ResizeableMappedFile.java:203)
	at com.intellij.util.io.PersistentEnumeratorBase.<init>(PersistentEnumeratorBase.java:219)
	at com.intellij.util.io.PersistentBTreeEnumerator.<init>(PersistentBTreeEnumerator.java:73)
	at com.intellij.util.io.PersistentEnumeratorDelegate.createDefaultEnumerator(PersistentEnumeratorDelegate.java:69)
	at com.intellij.util.io.PersistentHashMap.<init>(PersistentHashMap.java:164)
	at com.intellij.util.io.PersistentHashMap.<init>(PersistentHashMap.java:149)
	at com.intellij.util.io.PersistentHashMap.<init>(PersistentHashMap.java:140)
	at com.intellij.util.io.PersistentHashMap.<init>(PersistentHashMap.java:132)
	at com.intellij.util.io.PersistentHashMap.<init>(PersistentHashMap.java:119)
	at org.jetbrains.jps.incremental.storage.AbstractStateStorage.createMap(AbstractStateStorage.java:119)
	at org.jetbrains.jps.incremental.storage.AbstractStateStorage.<init>(AbstractStateStorage.java:27)
	at org.jetbrains.jps.incremental.storage.FileTimestampStorage.<init>(FileTimestampStorage.java:27)
	at org.jetbrains.jps.incremental.storage.ProjectStamps.<init>(ProjectStamps.java:41)
	at org.jetbrains.jps.cmdline.BuildRunner.load(BuildRunner.java:78)
	at org.jetbrains.jps.cmdline.BuildSession.runBuild(BuildSession.java:279)
	at org.jetbrains.jps.cmdline.BuildSession.run(BuildSession.java:132)
	at org.jetbrains.jps.cmdline.BuildMain$MyMessageHandler.lambda$channelRead0$0(BuildMain.java:219)
	at java.base/java.util.concurrent.ThreadPoolExecutor.runWorker(ThreadPoolExecutor.java:1130)
	at java.base/java.util.concurrent.ThreadPoolExecutor$Worker.run(ThreadPoolExecutor.java:630)
	at java.base/java.lang.Thread.run(Thread.java:831)
2021-05-25 20:50:03,196 [   1737]   INFO - tellij.util.io.FileChannelUtil - interruptible FileChannels will be used for indexes
2021-05-25 20:50:05,694 [      0]   INFO - etbrains.jps.cmdline.BuildMain - ==================================================
2021-05-25 20:50:05,695 [      1]   INFO - etbrains.jps.cmdline.BuildMain - Build process started. Classpath: C:/Users/Genius/.gradle/caches/modules-2/files-2.1/com.jetbrains.intellij.idea/ideaIC/2020.3.4/b86eac6c6a0550d0f4deca1e3592f7d675034e11/ideaIC-2020.3.4/plugins/java/lib/jps-launcher.jar
2021-05-25 20:50:06,639 [    945]   INFO - etbrains.jps.cmdline.BuildMain - Connection to IDE established in 628 ms
2021-05-25 20:50:06,679 [    985]   INFO - penapi.util.io.win32.IdeaWin32 - Native filesystem for Windows is operational
2021-05-25 20:50:06,705 [   1011]   INFO - jps.cmdline.JpsModelLoaderImpl - Loading model: project path = C:/Users/Genius/IdeaProjects/test, global options path = C:/Users/Genius/IdeaProjects/devtools5/build/idea-sandbox/config/options
2021-05-25 20:50:07,205 [   1511]   INFO - jps.cmdline.JpsModelLoaderImpl - Model loaded in 500 ms
2021-05-25 20:50:07,205 [   1511]   INFO - jps.cmdline.JpsModelLoaderImpl - Project has 1 modules, 0 libraries
2021-05-25 20:50:07,391 [   1697]   INFO - m.intellij.util.io.StorageLock - lower=100; upper=500; buffer=10; max=680
2021-05-25 20:50:07,403 [   1709]  ERROR - tellij.util.io.FileChannelUtil - symbolic reference class is not accessible: class sun.nio.ch.FileChannelImpl, from class com.intellij.util.io.FileChannelUtil (unnamed module @40e6dfe1)
java.lang.IllegalAccessException: symbolic reference class is not accessible: class sun.nio.ch.FileChannelImpl, from class com.intellij.util.io.FileChannelUtil (unnamed module @40e6dfe1)
	at java.base/java.lang.invoke.MemberName.makeAccessException(MemberName.java:957)
	at java.base/java.lang.invoke.MethodHandles$Lookup.checkSymbolicClass(MethodHandles.java:3675)
	at java.base/java.lang.invoke.MethodHandles$Lookup.resolveOrFail(MethodHandles.java:3647)
	at java.base/java.lang.invoke.MethodHandles$Lookup.findVirtual(MethodHandles.java:2687)
	at com.intellij.util.io.FileChannelUtil.setupUnInterruptibleHandle(FileChannelUtil.java:36)
	at com.intellij.util.io.FileChannelUtil.<clinit>(FileChannelUtil.java:18)
	at com.intellij.util.io.ReadWriteDirectBufferWrapper$FileContext$1.execute(ReadWriteDirectBufferWrapper.java:60)
	at com.intellij.util.io.ReadWriteDirectBufferWrapper$FileContext$1.execute(ReadWriteDirectBufferWrapper.java:50)
	at com.intellij.openapi.util.io.FileUtilRt.doIOOperation(FileUtilRt.java:991)
	at com.intellij.util.io.ReadWriteDirectBufferWrapper$FileContext.<init>(ReadWriteDirectBufferWrapper.java:50)
	at com.intellij.util.io.ReadWriteDirectBufferWrapper.create(ReadWriteDirectBufferWrapper.java:35)
	at com.intellij.util.io.DirectBufferWrapper.doCreate(DirectBufferWrapper.java:65)
	at com.intellij.util.io.DirectBufferWrapper.getBuffer(DirectBufferWrapper.java:37)
	at com.intellij.util.io.ReadWriteDirectBufferWrapper.getBuffer(ReadWriteDirectBufferWrapper.java:22)
	at com.intellij.util.io.StorageLock.createValue(StorageLock.java:229)
	at com.intellij.util.io.StorageLock.get(StorageLock.java:154)
	at com.intellij.util.io.PagedFileStorage.getBufferWrapper(PagedFileStorage.java:324)
	at com.intellij.util.io.PagedFileStorage.getReadOnlyBuffer(PagedFileStorage.java:307)
	at com.intellij.util.io.PagedFileStorage.getInt(PagedFileStorage.java:110)
	at com.intellij.util.io.ResizeableMappedFile.getInt(ResizeableMappedFile.java:203)
	at com.intellij.util.io.PersistentEnumeratorBase.<init>(PersistentEnumeratorBase.java:219)
	at com.intellij.util.io.PersistentBTreeEnumerator.<init>(PersistentBTreeEnumerator.java:73)
	at com.intellij.util.io.PersistentEnumeratorDelegate.createDefaultEnumerator(PersistentEnumeratorDelegate.java:69)
	at com.intellij.util.io.PersistentHashMap.<init>(PersistentHashMap.java:164)
	at com.intellij.util.io.PersistentHashMap.<init>(PersistentHashMap.java:149)
	at com.intellij.util.io.PersistentHashMap.<init>(PersistentHashMap.java:140)
	at com.intellij.util.io.PersistentHashMap.<init>(PersistentHashMap.java:132)
	at com.intellij.util.io.PersistentHashMap.<init>(PersistentHashMap.java:119)
	at org.jetbrains.jps.incremental.storage.AbstractStateStorage.createMap(AbstractStateStorage.java:119)
	at org.jetbrains.jps.incremental.storage.AbstractStateStorage.<init>(AbstractStateStorage.java:27)
	at org.jetbrains.jps.incremental.storage.FileTimestampStorage.<init>(FileTimestampStorage.java:27)
	at org.jetbrains.jps.incremental.storage.ProjectStamps.<init>(ProjectStamps.java:41)
	at org.jetbrains.jps.cmdline.BuildRunner.load(BuildRunner.java:78)
	at org.jetbrains.jps.cmdline.BuildMain.main(BuildMain.java:125)
	at java.base/jdk.internal.reflect.NativeMethodAccessorImpl.invoke0(Native Method)
	at java.base/jdk.internal.reflect.NativeMethodAccessorImpl.invoke(NativeMethodAccessorImpl.java:78)
	at java.base/jdk.internal.reflect.DelegatingMethodAccessorImpl.invoke(DelegatingMethodAccessorImpl.java:43)
	at java.base/java.lang.reflect.Method.invoke(Method.java:567)
	at org.jetbrains.jps.cmdline.Launcher.main(Launcher.java:43)
2021-05-25 20:50:07,406 [   1712]   INFO - tellij.util.io.FileChannelUtil - interruptible FileChannels will be used for indexes
2021-05-25 20:50:07,625 [   1931]   INFO - etbrains.jps.cmdline.BuildMain - Pre-loaded process ready in 1994 ms
2021-05-25 20:50:35,665 [  29971]   INFO - etbrains.jps.cmdline.BuildMain - Build canceled, but no build session is running. Exiting.
2021-05-27 18:19:20,743 [      0]   INFO - etbrains.jps.cmdline.BuildMain - ==================================================
2021-05-27 18:19:20,783 [     40]   INFO - etbrains.jps.cmdline.BuildMain - Build process started. Classpath: C:/Users/Genius/.gradle/caches/modules-2/files-2.1/com.jetbrains.intellij.idea/ideaIC/2020.3.4/b86eac6c6a0550d0f4deca1e3592f7d675034e11/ideaIC-2020.3.4/plugins/java/lib/jps-launcher.jar
2021-05-27 18:19:21,827 [   1084]   INFO - etbrains.jps.cmdline.BuildMain - Connection to IDE established in 946 ms
2021-05-27 18:19:22,356 [   1613]   INFO - jps.cmdline.JpsModelLoaderImpl - Loading model: project path = C:/Users/Genius/IdeaProjects/test, global options path = C:/Users/Genius/IdeaProjects/devtools5/build/idea-sandbox/config/options
2021-05-27 18:19:23,281 [   2538]   INFO - jps.cmdline.JpsModelLoaderImpl - Model loaded in 924 ms
2021-05-27 18:19:23,281 [   2538]   INFO - jps.cmdline.JpsModelLoaderImpl - Project has 1 modules, 0 libraries
2021-05-27 18:19:23,950 [   3207]   INFO - m.intellij.util.io.StorageLock - lower=100; upper=500; buffer=10; max=680
2021-05-27 18:19:23,957 [   3214]  ERROR - tellij.util.io.FileChannelUtil - symbolic reference class is not accessible: class sun.nio.ch.FileChannelImpl, from class com.intellij.util.io.FileChannelUtil (unnamed module @40e6dfe1)
java.lang.IllegalAccessException: symbolic reference class is not accessible: class sun.nio.ch.FileChannelImpl, from class com.intellij.util.io.FileChannelUtil (unnamed module @40e6dfe1)
	at java.base/java.lang.invoke.MemberName.makeAccessException(MemberName.java:957)
	at java.base/java.lang.invoke.MethodHandles$Lookup.checkSymbolicClass(MethodHandles.java:3675)
	at java.base/java.lang.invoke.MethodHandles$Lookup.resolveOrFail(MethodHandles.java:3647)
	at java.base/java.lang.invoke.MethodHandles$Lookup.findVirtual(MethodHandles.java:2687)
	at com.intellij.util.io.FileChannelUtil.setupUnInterruptibleHandle(FileChannelUtil.java:36)
	at com.intellij.util.io.FileChannelUtil.<clinit>(FileChannelUtil.java:18)
	at com.intellij.util.io.ReadWriteDirectBufferWrapper$FileContext$1.execute(ReadWriteDirectBufferWrapper.java:60)
	at com.intellij.util.io.ReadWriteDirectBufferWrapper$FileContext$1.execute(ReadWriteDirectBufferWrapper.java:50)
	at com.intellij.openapi.util.io.FileUtilRt.doIOOperation(FileUtilRt.java:991)
	at com.intellij.util.io.ReadWriteDirectBufferWrapper$FileContext.<init>(ReadWriteDirectBufferWrapper.java:50)
	at com.intellij.util.io.ReadWriteDirectBufferWrapper.create(ReadWriteDirectBufferWrapper.java:35)
	at com.intellij.util.io.DirectBufferWrapper.doCreate(DirectBufferWrapper.java:65)
	at com.intellij.util.io.DirectBufferWrapper.getBuffer(DirectBufferWrapper.java:37)
	at com.intellij.util.io.ReadWriteDirectBufferWrapper.getBuffer(ReadWriteDirectBufferWrapper.java:22)
	at com.intellij.util.io.StorageLock.createValue(StorageLock.java:229)
	at com.intellij.util.io.StorageLock.get(StorageLock.java:154)
	at com.intellij.util.io.PagedFileStorage.getBufferWrapper(PagedFileStorage.java:324)
	at com.intellij.util.io.PagedFileStorage.getReadOnlyBuffer(PagedFileStorage.java:307)
	at com.intellij.util.io.PagedFileStorage.getInt(PagedFileStorage.java:110)
	at com.intellij.util.io.ResizeableMappedFile.getInt(ResizeableMappedFile.java:203)
	at com.intellij.util.io.PersistentEnumeratorBase.<init>(PersistentEnumeratorBase.java:219)
	at com.intellij.util.io.PersistentBTreeEnumerator.<init>(PersistentBTreeEnumerator.java:73)
	at com.intellij.util.io.PersistentEnumeratorDelegate.createDefaultEnumerator(PersistentEnumeratorDelegate.java:69)
	at com.intellij.util.io.PersistentHashMap.<init>(PersistentHashMap.java:164)
	at com.intellij.util.io.PersistentHashMap.<init>(PersistentHashMap.java:149)
	at com.intellij.util.io.PersistentHashMap.<init>(PersistentHashMap.java:140)
	at com.intellij.util.io.PersistentHashMap.<init>(PersistentHashMap.java:132)
	at com.intellij.util.io.PersistentHashMap.<init>(PersistentHashMap.java:119)
	at org.jetbrains.jps.incremental.storage.AbstractStateStorage.createMap(AbstractStateStorage.java:119)
	at org.jetbrains.jps.incremental.storage.AbstractStateStorage.<init>(AbstractStateStorage.java:27)
	at org.jetbrains.jps.incremental.storage.FileTimestampStorage.<init>(FileTimestampStorage.java:27)
	at org.jetbrains.jps.incremental.storage.ProjectStamps.<init>(ProjectStamps.java:41)
	at org.jetbrains.jps.cmdline.BuildRunner.load(BuildRunner.java:78)
	at org.jetbrains.jps.cmdline.BuildSession.runBuild(BuildSession.java:279)
	at org.jetbrains.jps.cmdline.BuildSession.run(BuildSession.java:132)
	at org.jetbrains.jps.cmdline.BuildMain$MyMessageHandler.lambda$channelRead0$0(BuildMain.java:219)
	at java.base/java.util.concurrent.ThreadPoolExecutor.runWorker(ThreadPoolExecutor.java:1130)
	at java.base/java.util.concurrent.ThreadPoolExecutor$Worker.run(ThreadPoolExecutor.java:630)
	at java.base/java.lang.Thread.run(Thread.java:831)
2021-05-27 18:19:23,967 [   3224]   INFO - tellij.util.io.FileChannelUtil - interruptible FileChannels will be used for indexes
2021-05-27 18:19:27,153 [      0]   INFO - etbrains.jps.cmdline.BuildMain - ==================================================
2021-05-27 18:19:27,154 [      1]   INFO - etbrains.jps.cmdline.BuildMain - Build process started. Classpath: C:/Users/Genius/.gradle/caches/modules-2/files-2.1/com.jetbrains.intellij.idea/ideaIC/2020.3.4/b86eac6c6a0550d0f4deca1e3592f7d675034e11/ideaIC-2020.3.4/plugins/java/lib/jps-launcher.jar
2021-05-27 18:19:27,485 [    332]   INFO - etbrains.jps.cmdline.BuildMain - Connection to IDE established in 255 ms
2021-05-27 18:19:27,506 [    353]   INFO - penapi.util.io.win32.IdeaWin32 - Native filesystem for Windows is operational
2021-05-27 18:19:27,529 [    376]   INFO - jps.cmdline.JpsModelLoaderImpl - Loading model: project path = C:/Users/Genius/IdeaProjects/test, global options path = C:/Users/Genius/IdeaProjects/devtools5/build/idea-sandbox/config/options
2021-05-27 18:19:27,747 [    594]   INFO - jps.cmdline.JpsModelLoaderImpl - Model loaded in 218 ms
2021-05-27 18:19:27,747 [    594]   INFO - jps.cmdline.JpsModelLoaderImpl - Project has 1 modules, 0 libraries
2021-05-27 18:19:27,831 [    678]   INFO - m.intellij.util.io.StorageLock - lower=100; upper=500; buffer=10; max=680
2021-05-27 18:19:27,838 [    685]  ERROR - tellij.util.io.FileChannelUtil - symbolic reference class is not accessible: class sun.nio.ch.FileChannelImpl, from class com.intellij.util.io.FileChannelUtil (unnamed module @40e6dfe1)
java.lang.IllegalAccessException: symbolic reference class is not accessible: class sun.nio.ch.FileChannelImpl, from class com.intellij.util.io.FileChannelUtil (unnamed module @40e6dfe1)
	at java.base/java.lang.invoke.MemberName.makeAccessException(MemberName.java:957)
	at java.base/java.lang.invoke.MethodHandles$Lookup.checkSymbolicClass(MethodHandles.java:3675)
	at java.base/java.lang.invoke.MethodHandles$Lookup.resolveOrFail(MethodHandles.java:3647)
	at java.base/java.lang.invoke.MethodHandles$Lookup.findVirtual(MethodHandles.java:2687)
	at com.intellij.util.io.FileChannelUtil.setupUnInterruptibleHandle(FileChannelUtil.java:36)
	at com.intellij.util.io.FileChannelUtil.<clinit>(FileChannelUtil.java:18)
	at com.intellij.util.io.ReadWriteDirectBufferWrapper$FileContext$1.execute(ReadWriteDirectBufferWrapper.java:60)
	at com.intellij.util.io.ReadWriteDirectBufferWrapper$FileContext$1.execute(ReadWriteDirectBufferWrapper.java:50)
	at com.intellij.openapi.util.io.FileUtilRt.doIOOperation(FileUtilRt.java:991)
	at com.intellij.util.io.ReadWriteDirectBufferWrapper$FileContext.<init>(ReadWriteDirectBufferWrapper.java:50)
	at com.intellij.util.io.ReadWriteDirectBufferWrapper.create(ReadWriteDirectBufferWrapper.java:35)
	at com.intellij.util.io.DirectBufferWrapper.doCreate(DirectBufferWrapper.java:65)
	at com.intellij.util.io.DirectBufferWrapper.getBuffer(DirectBufferWrapper.java:37)
	at com.intellij.util.io.ReadWriteDirectBufferWrapper.getBuffer(ReadWriteDirectBufferWrapper.java:22)
	at com.intellij.util.io.StorageLock.createValue(StorageLock.java:229)
	at com.intellij.util.io.StorageLock.get(StorageLock.java:154)
	at com.intellij.util.io.PagedFileStorage.getBufferWrapper(PagedFileStorage.java:324)
	at com.intellij.util.io.PagedFileStorage.getReadOnlyBuffer(PagedFileStorage.java:307)
	at com.intellij.util.io.PagedFileStorage.getInt(PagedFileStorage.java:110)
	at com.intellij.util.io.ResizeableMappedFile.getInt(ResizeableMappedFile.java:203)
	at com.intellij.util.io.PersistentEnumeratorBase.<init>(PersistentEnumeratorBase.java:219)
	at com.intellij.util.io.PersistentBTreeEnumerator.<init>(PersistentBTreeEnumerator.java:73)
	at com.intellij.util.io.PersistentEnumeratorDelegate.createDefaultEnumerator(PersistentEnumeratorDelegate.java:69)
	at com.intellij.util.io.PersistentHashMap.<init>(PersistentHashMap.java:164)
	at com.intellij.util.io.PersistentHashMap.<init>(PersistentHashMap.java:149)
	at com.intellij.util.io.PersistentHashMap.<init>(PersistentHashMap.java:140)
	at com.intellij.util.io.PersistentHashMap.<init>(PersistentHashMap.java:132)
	at com.intellij.util.io.PersistentHashMap.<init>(PersistentHashMap.java:119)
	at org.jetbrains.jps.incremental.storage.AbstractStateStorage.createMap(AbstractStateStorage.java:119)
	at org.jetbrains.jps.incremental.storage.AbstractStateStorage.<init>(AbstractStateStorage.java:27)
	at org.jetbrains.jps.incremental.storage.FileTimestampStorage.<init>(FileTimestampStorage.java:27)
	at org.jetbrains.jps.incremental.storage.ProjectStamps.<init>(ProjectStamps.java:41)
	at org.jetbrains.jps.cmdline.BuildRunner.load(BuildRunner.java:78)
	at org.jetbrains.jps.cmdline.BuildMain.main(BuildMain.java:125)
	at java.base/jdk.internal.reflect.NativeMethodAccessorImpl.invoke0(Native Method)
	at java.base/jdk.internal.reflect.NativeMethodAccessorImpl.invoke(NativeMethodAccessorImpl.java:78)
	at java.base/jdk.internal.reflect.DelegatingMethodAccessorImpl.invoke(DelegatingMethodAccessorImpl.java:43)
	at java.base/java.lang.reflect.Method.invoke(Method.java:567)
	at org.jetbrains.jps.cmdline.Launcher.main(Launcher.java:43)
2021-05-27 18:19:27,841 [    688]   INFO - tellij.util.io.FileChannelUtil - interruptible FileChannels will be used for indexes
2021-05-27 18:19:28,035 [    882]   INFO - etbrains.jps.cmdline.BuildMain - Pre-loaded process ready in 895 ms
2021-05-27 18:20:11,022 [  43869]   WARN - channel.DefaultChannelPipeline - An exceptionCaught() event was fired, and it reached at the tail of the pipeline. It usually means the last handler in the pipeline did not handle the exception.
java.net.SocketException: Connection reset
	at java.base/sun.nio.ch.SocketChannelImpl.throwConnectionReset(SocketChannelImpl.java:394)
	at java.base/sun.nio.ch.SocketChannelImpl.read(SocketChannelImpl.java:426)
	at io.netty.buffer.PooledByteBuf.setBytes(PooledByteBuf.java:253)
	at io.netty.buffer.AbstractByteBuf.writeBytes(AbstractByteBuf.java:1133)
	at io.netty.channel.socket.nio.NioSocketChannel.doReadBytes(NioSocketChannel.java:350)
	at io.netty.channel.nio.AbstractNioByteChannel$NioByteUnsafe.read(AbstractNioByteChannel.java:151)
	at io.netty.channel.nio.NioEventLoop.processSelectedKey(NioEventLoop.java:714)
	at io.netty.channel.nio.NioEventLoop.processSelectedKeysPlain(NioEventLoop.java:615)
	at io.netty.channel.nio.NioEventLoop.processSelectedKeys(NioEventLoop.java:578)
	at io.netty.channel.nio.NioEventLoop.run(NioEventLoop.java:493)
	at io.netty.util.concurrent.SingleThreadEventExecutor$4.run(SingleThreadEventExecutor.java:989)
	at io.netty.util.internal.ThreadExecutorMap$2.run(ThreadExecutorMap.java:74)
	at java.base/java.lang.Thread.run(Thread.java:831)
